[18:41:43.3115][PJW.Web.Program][Debug] - init main 
[18:41:47.2277][Infrastructure.Logging.LogHelper][Info] - SQLSELECT TOP (1)
	[t1].[Tid],
	[t1].[DataChangeLastTime],
	[t1].[IsActive],
	[t1].[Eid],
	[t1].[UserName],
	[t1].[Pwd],
	[t1].[Email],
	[t1].[Phone],
	[t1].[LoginIp],
	[t1].[MenuRights],
	[t1].[RoleTid],
	[t1].[LastLoginTime],
	[t1].[UserAgent],
	[t1].[CreateRoleName],
	[t1].[CreateUser] as [CreateUser1],
	[t1].[Indx],
	[t1].[DeptNo]
FROM
	[system_users] [t1]
WHERE
	[t1].[Eid] = hikaruchiu

Server：.,DB名稱：PJW, 執行時間：169豪秒
#####################################################

            [Tags]
                 {Key:method,Value:OnCustomerTraceConnection}
 
[18:41:47.3047][Infrastructure.Logging.LogHelper][Info] - SQLSELECT TOP (1)
	[t1].[Tid],
	[t1].[DataChangeLastTime],
	[t1].[IsActive],
	[t1].[ParentTid],
	[t1].[Name],
	[t1].[Ico],
	[t1].[Url],
	[t1].[OrderRule],
	[t1].[Level] as [Level1],
	[t1].[Class] as [Class1]
FROM
	[system_menu] [t1]
WHERE
	[t1].[Url] = ~/Admin/Home/Index

Server：.,DB名稱：PJW, 執行時間：3豪秒
#####################################################

            [Tags]
                 {Key:method,Value:OnCustomerTraceConnection}
 
[18:41:47.5024][Infrastructure.Logging.LogHelper][Info] - SQLSELECT TOP (1)
	[t1].[Tid],
	[t1].[DataChangeLastTime],
	[t1].[IsActive],
	[t1].[Eid],
	[t1].[UserName],
	[t1].[Pwd],
	[t1].[Email],
	[t1].[Phone],
	[t1].[LoginIp],
	[t1].[MenuRights],
	[t1].[RoleTid],
	[t1].[LastLoginTime],
	[t1].[UserAgent],
	[t1].[CreateRoleName],
	[t1].[CreateUser] as [CreateUser1],
	[t1].[Indx],
	[t1].[DeptNo]
FROM
	[system_users] [t1]
WHERE
	[t1].[Eid] = hikaruchiu

Server：.,DB名稱：PJW, 執行時間：0豪秒
#####################################################

            [Tags]
                 {Key:method,Value:OnCustomerTraceConnection}
 
[18:41:47.5635][Infrastructure.Logging.LogHelper][Info] - SQLSELECT
	[t1].[Class] as [Class1],
	[t1].[Ico],
	[t1].[IsActive],
	[t1].[Level] as [Level1],
	[t1].[Name],
	[t1].[OrderRule],
	[t1].[ParentTid],
	[t1].[Tid],
	[t1].[Url]
FROM
	[system_menu] [t1]
WHERE
	True = [t1].[IsActive]

Server：.,DB名稱：PJW, 執行時間：0豪秒
#####################################################

            [Tags]
                 {Key:method,Value:OnCustomerTraceConnection}
 
[18:43:12.1559][Infrastructure.Logging.LogHelper][Info] - SQLSELECT TOP (1)
	[t1].[Tid],
	[t1].[DataChangeLastTime],
	[t1].[IsActive],
	[t1].[Eid],
	[t1].[UserName],
	[t1].[Pwd],
	[t1].[Email],
	[t1].[Phone],
	[t1].[LoginIp],
	[t1].[MenuRights],
	[t1].[RoleTid],
	[t1].[LastLoginTime],
	[t1].[UserAgent],
	[t1].[CreateRoleName],
	[t1].[CreateUser] as [CreateUser1],
	[t1].[Indx],
	[t1].[DeptNo]
FROM
	[system_users] [t1]
WHERE
	[t1].[Eid] = hikaruchiu

Server：.,DB名稱：PJW, 執行時間：0豪秒
#####################################################

            [Tags]
                 {Key:method,Value:OnCustomerTraceConnection}
 
[18:43:12.1559][Infrastructure.Logging.LogHelper][Info] - SQLSELECT TOP (1)
	[t1].[Tid],
	[t1].[DataChangeLastTime],
	[t1].[IsActive],
	[t1].[ParentTid],
	[t1].[Name],
	[t1].[Ico],
	[t1].[Url],
	[t1].[OrderRule],
	[t1].[Level] as [Level1],
	[t1].[Class] as [Class1]
FROM
	[system_menu] [t1]
WHERE
	[t1].[Url] = ~/Admin/Home/Index

Server：.,DB名稱：PJW, 執行時間：0豪秒
#####################################################

            [Tags]
                 {Key:method,Value:OnCustomerTraceConnection}
 
[18:43:12.1689][Infrastructure.Logging.LogHelper][Info] - SQLSELECT TOP (1)
	[t1].[Tid],
	[t1].[DataChangeLastTime],
	[t1].[IsActive],
	[t1].[Eid],
	[t1].[UserName],
	[t1].[Pwd],
	[t1].[Email],
	[t1].[Phone],
	[t1].[LoginIp],
	[t1].[MenuRights],
	[t1].[RoleTid],
	[t1].[LastLoginTime],
	[t1].[UserAgent],
	[t1].[CreateRoleName],
	[t1].[CreateUser] as [CreateUser1],
	[t1].[Indx],
	[t1].[DeptNo]
FROM
	[system_users] [t1]
WHERE
	[t1].[Eid] = hikaruchiu

Server：.,DB名稱：PJW, 執行時間：0豪秒
#####################################################

            [Tags]
                 {Key:method,Value:OnCustomerTraceConnection}
 
[18:43:12.1689][Infrastructure.Logging.LogHelper][Info] - SQLSELECT
	[t1].[Class] as [Class1],
	[t1].[Ico],
	[t1].[IsActive],
	[t1].[Level] as [Level1],
	[t1].[Name],
	[t1].[OrderRule],
	[t1].[ParentTid],
	[t1].[Tid],
	[t1].[Url]
FROM
	[system_menu] [t1]
WHERE
	True = [t1].[IsActive]

Server：.,DB名稱：PJW, 執行時間：0豪秒
#####################################################

            [Tags]
                 {Key:method,Value:OnCustomerTraceConnection}
 
