[09:57:16.2848][PJW.Web.Program][Debug] - init main 
[09:57:27.5908][Infrastructure.Logging.LogHelper][Info] - SQLSELECT TOP (1)
	[t1].[Tid],
	[t1].[DataChangeLastTime],
	[t1].[IsActive],
	[t1].[Eid],
	[t1].[UserName],
	[t1].[Pwd],
	[t1].[Email],
	[t1].[Phone],
	[t1].[LoginIp],
	[t1].[MenuRights],
	[t1].[RoleTid],
	[t1].[LastLoginTime],
	[t1].[UserAgent],
	[t1].[CreateRoleName],
	[t1].[CreateUser] as [CreateUser1],
	[t1].[Indx],
	[t1].[DeptNo]
FROM
	[system_users] [t1]
WHERE
	True = [t1].[IsActive] AND [t1].[Eid] = admin

Server：192.168.11.41,DB名稱：PJW, 執行時間：167豪秒
#####################################################

            [Tags]
                 {Key:method,Value:OnCustomerTraceConnection}
 
[09:57:27.6982][Infrastructure.Logging.LogHelper][Info] - SQLSELECT TOP (1)
	[t2].[Tid],
	[t2].[DataChangeLastTime],
	[t2].[IsActive],
	[t2].[Eid],
	[t2].[UserName],
	[t2].[Pwd],
	[t2].[Email],
	[t2].[Phone],
	[t2].[LoginIp],
	[t2].[MenuRights],
	[t2].[RoleTid],
	[t2].[LastLoginTime],
	[t2].[UserAgent],
	[t2].[CreateRoleName],
	[t2].[CreateUser] as [CreateUser1],
	[t2].[Indx],
	[t2].[DeptNo],
	[t1].[DataChangeLastTime] as [DataChangeLastTime1],
	[t1].[RoleName],
	[t1].[Description],
	[t1].[IsActive] as [IsActive1],
	[t1].[MenuRights] as [MenuRights1],
	[t1].[Tid] as [Tid1],
	[t1].[ActionList],
	[t1].[CreateUser] as [CreateUser2],
	[t1].[CreateRoleTid]
FROM
	[system_users] [t2]
		LEFT JOIN [system_role] [t1] ON [t1].[Tid] = [t2].[RoleTid]
WHERE
	[t2].[Eid] = admin

Server：192.168.11.41,DB名稱：PJW, 執行時間：3豪秒
#####################################################

            [Tags]
                 {Key:method,Value:OnCustomerTraceConnection}
 
[09:57:27.7678][Infrastructure.Logging.LogHelper][Info] - SQLUPDATE
	[t1]
SET
	[t1].[LoginIp] = ::1,
	[t1].[LastLoginTime] = 2021/10/1 上午 09:57:27,
	[t1].[UserAgent] = Mozilla/5.0 (Windows NT 10.0; Win64; x64) AppleWebKit/537.36 (KHTML, like Gecko) Chrome/94.0.4606.61 Safari/537.36
FROM
	[system_users] [t1]
WHERE
	[t1].[Eid] = admin

Server：192.168.11.41,DB名稱：PJW, 執行時間：4豪秒
#####################################################

            [Tags]
                 {Key:method,Value:OnCustomerTraceConnection}
 
[09:57:27.9134][Infrastructure.Logging.LogHelper][Info] - SQLSELECT TOP (1)
	[t1].[Tid],
	[t1].[DataChangeLastTime],
	[t1].[IsActive],
	[t1].[Eid],
	[t1].[UserName],
	[t1].[Pwd],
	[t1].[Email],
	[t1].[Phone],
	[t1].[LoginIp],
	[t1].[MenuRights],
	[t1].[RoleTid],
	[t1].[LastLoginTime],
	[t1].[UserAgent],
	[t1].[CreateRoleName],
	[t1].[CreateUser] as [CreateUser1],
	[t1].[Indx],
	[t1].[DeptNo]
FROM
	[system_users] [t1]
WHERE
	[t1].[Eid] = admin

Server：192.168.11.41,DB名稱：PJW, 執行時間：1豪秒
#####################################################

            [Tags]
                 {Key:method,Value:OnCustomerTraceConnection}
 
[09:57:27.9621][Infrastructure.Logging.LogHelper][Info] - SQLSELECT TOP (1)
	[t1].[Tid],
	[t1].[DataChangeLastTime],
	[t1].[IsActive],
	[t1].[Eid],
	[t1].[UserName],
	[t1].[Pwd],
	[t1].[Email],
	[t1].[Phone],
	[t1].[LoginIp],
	[t1].[MenuRights],
	[t1].[RoleTid],
	[t1].[LastLoginTime],
	[t1].[UserAgent],
	[t1].[CreateRoleName],
	[t1].[CreateUser] as [CreateUser1],
	[t1].[Indx],
	[t1].[DeptNo]
FROM
	[system_users] [t1]
WHERE
	[t1].[Eid] = admin

Server：192.168.11.41,DB名稱：PJW, 執行時間：1豪秒
#####################################################

            [Tags]
                 {Key:method,Value:OnCustomerTraceConnection}
 
[09:57:27.9997][Infrastructure.Logging.LogHelper][Info] - SQLSELECT
	[t1].[Class] as [Class1],
	[t1].[Ico],
	[t1].[IsActive],
	[t1].[Level] as [Level1],
	[t1].[Name],
	[t1].[OrderRule],
	[t1].[ParentTid],
	[t1].[Tid],
	[t1].[Url]
FROM
	[system_menu] [t1]
WHERE
	True = [t1].[IsActive]

Server：192.168.11.41,DB名稱：PJW, 執行時間：1豪秒
#####################################################

            [Tags]
                 {Key:method,Value:OnCustomerTraceConnection}
 
[09:57:30.6881][Infrastructure.Logging.LogHelper][Info] - SQLSELECT TOP (1)
	[t1].[Tid],
	[t1].[DataChangeLastTime],
	[t1].[IsActive],
	[t1].[Eid],
	[t1].[UserName],
	[t1].[Pwd],
	[t1].[Email],
	[t1].[Phone],
	[t1].[LoginIp],
	[t1].[MenuRights],
	[t1].[RoleTid],
	[t1].[LastLoginTime],
	[t1].[UserAgent],
	[t1].[CreateRoleName],
	[t1].[CreateUser] as [CreateUser1],
	[t1].[Indx],
	[t1].[DeptNo]
FROM
	[system_users] [t1]
WHERE
	[t1].[Eid] = admin

Server：192.168.11.41,DB名稱：PJW, 執行時間：1豪秒
#####################################################

            [Tags]
                 {Key:method,Value:OnCustomerTraceConnection}
 
[09:57:30.7962][Infrastructure.Logging.LogHelper][Info] - SQLSELECT TOP (1)
	[t1].[Tid],
	[t1].[DataChangeLastTime],
	[t1].[IsActive],
	[t1].[Eid],
	[t1].[UserName],
	[t1].[Pwd],
	[t1].[Email],
	[t1].[Phone],
	[t1].[LoginIp],
	[t1].[MenuRights],
	[t1].[RoleTid],
	[t1].[LastLoginTime],
	[t1].[UserAgent],
	[t1].[CreateRoleName],
	[t1].[CreateUser] as [CreateUser1],
	[t1].[Indx],
	[t1].[DeptNo]
FROM
	[system_users] [t1]
WHERE
	[t1].[Eid] = admin

Server：192.168.11.41,DB名稱：PJW, 執行時間：1豪秒
#####################################################

            [Tags]
                 {Key:method,Value:OnCustomerTraceConnection}
 
[09:57:30.7962][Infrastructure.Logging.LogHelper][Info] - SQLSELECT TOP (1)
	[t1].[Tid],
	[t1].[DataChangeLastTime],
	[t1].[IsActive],
	[t1].[Eid],
	[t1].[UserName],
	[t1].[Pwd],
	[t1].[Email],
	[t1].[Phone],
	[t1].[LoginIp],
	[t1].[MenuRights],
	[t1].[RoleTid],
	[t1].[LastLoginTime],
	[t1].[UserAgent],
	[t1].[CreateRoleName],
	[t1].[CreateUser] as [CreateUser1],
	[t1].[Indx],
	[t1].[DeptNo]
FROM
	[system_users] [t1]
WHERE
	[t1].[Eid] = admin

Server：192.168.11.41,DB名稱：PJW, 執行時間：4豪秒
#####################################################

            [Tags]
                 {Key:method,Value:OnCustomerTraceConnection}
 
[09:57:30.7962][Infrastructure.Logging.LogHelper][Info] - SQLSELECT TOP (1)
	[t1].[Tid],
	[t1].[DataChangeLastTime],
	[t1].[IsActive],
	[t1].[Eid],
	[t1].[UserName],
	[t1].[Pwd],
	[t1].[Email],
	[t1].[Phone],
	[t1].[LoginIp],
	[t1].[MenuRights],
	[t1].[RoleTid],
	[t1].[LastLoginTime],
	[t1].[UserAgent],
	[t1].[CreateRoleName],
	[t1].[CreateUser] as [CreateUser1],
	[t1].[Indx],
	[t1].[DeptNo]
FROM
	[system_users] [t1]
WHERE
	[t1].[Eid] = admin

Server：192.168.11.41,DB名稱：PJW, 執行時間：7豪秒
#####################################################

            [Tags]
                 {Key:method,Value:OnCustomerTraceConnection}
 
[09:57:30.7962][Infrastructure.Logging.LogHelper][Info] - SQLSELECT
	[t1].[Class] as [Class1],
	[t1].[Ico],
	[t1].[IsActive],
	[t1].[Level] as [Level1],
	[t1].[Name],
	[t1].[OrderRule],
	[t1].[ParentTid],
	[t1].[Tid],
	[t1].[Url]
FROM
	[system_menu] [t1]
WHERE
	[t1].[Level] <> 88

Server：192.168.11.41,DB名稱：PJW, 執行時間：1豪秒
#####################################################

            [Tags]
                 {Key:method,Value:OnCustomerTraceConnection}
 
[09:57:30.9956][Infrastructure.Logging.LogHelper][Warn] - ViewRenderService沒有找到對應的view：WorkLog/List2
            [Tags]
                 {Key:method,Value:RenderToStringAsync}
 
[09:57:31.0016][Infrastructure.Logging.LogHelper][Warn] - ViewRenderService沒有找到對應的view：WorkLog/List3
            [Tags]
                 {Key:method,Value:RenderToStringAsync}
 
[09:57:31.0016][Infrastructure.Logging.LogHelper][Warn] - ViewRenderService沒有找到對應的view：WorkLog/Share
            [Tags]
                 {Key:method,Value:RenderToStringAsync}
 
[09:57:31.0016][Infrastructure.Logging.LogHelper][Warn] - ViewRenderService沒有找到對應的view：WorkLog/CheckList1
            [Tags]
                 {Key:method,Value:RenderToStringAsync}
 
[09:57:31.0016][Infrastructure.Logging.LogHelper][Warn] - ViewRenderService沒有找到對應的view：WorkLog/CheckList2
            [Tags]
                 {Key:method,Value:RenderToStringAsync}
 
[09:57:31.5176][Infrastructure.Logging.LogHelper][Info] - SQLSELECT TOP (1)
	[t1].[Tid],
	[t1].[DataChangeLastTime],
	[t1].[IsActive],
	[t1].[Eid],
	[t1].[UserName],
	[t1].[Pwd],
	[t1].[Email],
	[t1].[Phone],
	[t1].[LoginIp],
	[t1].[MenuRights],
	[t1].[RoleTid],
	[t1].[LastLoginTime],
	[t1].[UserAgent],
	[t1].[CreateRoleName],
	[t1].[CreateUser] as [CreateUser1],
	[t1].[Indx],
	[t1].[DeptNo]
FROM
	[system_users] [t1]
WHERE
	[t1].[Eid] = admin

Server：192.168.11.41,DB名稱：PJW, 執行時間：1豪秒
#####################################################

            [Tags]
                 {Key:method,Value:OnCustomerTraceConnection}
 
[09:57:31.6592][Infrastructure.Logging.LogHelper][Info] - SQLSELECT TOP (1)
	[t1].[Tid],
	[t1].[DataChangeLastTime],
	[t1].[IsActive],
	[t1].[Eid],
	[t1].[UserName],
	[t1].[Pwd],
	[t1].[Email],
	[t1].[Phone],
	[t1].[LoginIp],
	[t1].[MenuRights],
	[t1].[RoleTid],
	[t1].[LastLoginTime],
	[t1].[UserAgent],
	[t1].[CreateRoleName],
	[t1].[CreateUser] as [CreateUser1],
	[t1].[Indx],
	[t1].[DeptNo]
FROM
	[system_users] [t1]
WHERE
	[t1].[Eid] = admin

Server：192.168.11.41,DB名稱：PJW, 執行時間：1豪秒
#####################################################

            [Tags]
                 {Key:method,Value:OnCustomerTraceConnection}
 
[09:57:31.6592][Infrastructure.Logging.LogHelper][Info] - SQLSELECT TOP (1)
	[t1].[Tid],
	[t1].[DataChangeLastTime],
	[t1].[IsActive],
	[t1].[Eid],
	[t1].[UserName],
	[t1].[Pwd],
	[t1].[Email],
	[t1].[Phone],
	[t1].[LoginIp],
	[t1].[MenuRights],
	[t1].[RoleTid],
	[t1].[LastLoginTime],
	[t1].[UserAgent],
	[t1].[CreateRoleName],
	[t1].[CreateUser] as [CreateUser1],
	[t1].[Indx],
	[t1].[DeptNo]
FROM
	[system_users] [t1]
WHERE
	[t1].[Eid] = admin

Server：192.168.11.41,DB名稱：PJW, 執行時間：1豪秒
#####################################################

            [Tags]
                 {Key:method,Value:OnCustomerTraceConnection}
 
[09:57:31.6592][Infrastructure.Logging.LogHelper][Info] - SQLSELECT TOP (1)
	[t1].[Tid],
	[t1].[DataChangeLastTime],
	[t1].[IsActive],
	[t1].[Eid],
	[t1].[UserName],
	[t1].[Pwd],
	[t1].[Email],
	[t1].[Phone],
	[t1].[LoginIp],
	[t1].[MenuRights],
	[t1].[RoleTid],
	[t1].[LastLoginTime],
	[t1].[UserAgent],
	[t1].[CreateRoleName],
	[t1].[CreateUser] as [CreateUser1],
	[t1].[Indx],
	[t1].[DeptNo]
FROM
	[system_users] [t1]
WHERE
	[t1].[Eid] = admin

Server：192.168.11.41,DB名稱：PJW, 執行時間：5豪秒
#####################################################

            [Tags]
                 {Key:method,Value:OnCustomerTraceConnection}
 
[09:57:31.6717][Infrastructure.Logging.LogHelper][Info] - SQLSELECT
	[t1].[Class] as [Class1],
	[t1].[Ico],
	[t1].[IsActive],
	[t1].[Level] as [Level1],
	[t1].[Name],
	[t1].[OrderRule],
	[t1].[ParentTid],
	[t1].[Tid],
	[t1].[Url]
FROM
	[system_menu] [t1]
WHERE
	[t1].[ParentTid] = 0 AND [t1].[Level] <> 88
ORDER BY
	[t1].[OrderRule]

Server：192.168.11.41,DB名稱：PJW, 執行時間：1豪秒
#####################################################

            [Tags]
                 {Key:method,Value:OnCustomerTraceConnection}
 
[09:57:31.6717][Infrastructure.Logging.LogHelper][Info] - SQLSELECT
	[t1].[Class] as [Class1],
	[t1].[Ico],
	[t1].[IsActive],
	[t1].[Level] as [Level1],
	[t1].[Name],
	[t1].[OrderRule],
	[t1].[ParentTid],
	[t1].[Tid],
	[t1].[Url]
FROM
	[system_menu] [t1]
WHERE
	[t1].[ParentTid] = 0 AND [t1].[Level] <> 88
ORDER BY
	[t1].[OrderRule]

Server：192.168.11.41,DB名稱：PJW, 執行時間：1豪秒
#####################################################

            [Tags]
                 {Key:method,Value:OnCustomerTraceConnection}
 
[09:57:31.6717][Infrastructure.Logging.LogHelper][Info] - SQLSELECT
	[t1].[Class] as [Class1],
	[t1].[Ico],
	[t1].[IsActive],
	[t1].[Level] as [Level1],
	[t1].[Name],
	[t1].[OrderRule],
	[t1].[ParentTid],
	[t1].[Tid],
	[t1].[Url]
FROM
	[system_menu] [t1]
WHERE
	[t1].[ParentTid] = 9 AND [t1].[Level] <> 88
ORDER BY
	[t1].[OrderRule]

Server：192.168.11.41,DB名稱：PJW, 執行時間：1豪秒
#####################################################

            [Tags]
                 {Key:method,Value:OnCustomerTraceConnection}
 
[09:57:31.6717][Infrastructure.Logging.LogHelper][Info] - SQLSELECT
	[t1].[Class] as [Class1],
	[t1].[Ico],
	[t1].[IsActive],
	[t1].[Level] as [Level1],
	[t1].[Name],
	[t1].[OrderRule],
	[t1].[ParentTid],
	[t1].[Tid],
	[t1].[Url]
FROM
	[system_menu] [t1]
WHERE
	[t1].[ParentTid] = 16 AND [t1].[Level] <> 88
ORDER BY
	[t1].[OrderRule]

Server：192.168.11.41,DB名稱：PJW, 執行時間：1豪秒
#####################################################

            [Tags]
                 {Key:method,Value:OnCustomerTraceConnection}
 
[09:57:31.6906][Infrastructure.Logging.LogHelper][Info] - SQLSELECT
	[t1].[Class] as [Class1],
	[t1].[Ico],
	[t1].[IsActive],
	[t1].[Level] as [Level1],
	[t1].[Name],
	[t1].[OrderRule],
	[t1].[ParentTid],
	[t1].[Tid],
	[t1].[Url]
FROM
	[system_menu] [t1]
WHERE
	[t1].[ParentTid] = 1 AND [t1].[Level] <> 88
ORDER BY
	[t1].[OrderRule]

Server：192.168.11.41,DB名稱：PJW, 執行時間：1豪秒
#####################################################

            [Tags]
                 {Key:method,Value:OnCustomerTraceConnection}
 
[09:57:35.3640][Infrastructure.Logging.LogHelper][Info] - SQLSELECT TOP (1)
	[t1].[Tid],
	[t1].[DataChangeLastTime],
	[t1].[IsActive],
	[t1].[Eid],
	[t1].[UserName],
	[t1].[Pwd],
	[t1].[Email],
	[t1].[Phone],
	[t1].[LoginIp],
	[t1].[MenuRights],
	[t1].[RoleTid],
	[t1].[LastLoginTime],
	[t1].[UserAgent],
	[t1].[CreateRoleName],
	[t1].[CreateUser] as [CreateUser1],
	[t1].[Indx],
	[t1].[DeptNo]
FROM
	[system_users] [t1]
WHERE
	[t1].[Eid] = admin

Server：192.168.11.41,DB名稱：PJW, 執行時間：1豪秒
#####################################################

            [Tags]
                 {Key:method,Value:OnCustomerTraceConnection}
 
[09:57:35.4290][Infrastructure.Logging.LogHelper][Info] - SQLSELECT TOP (1)
	[t1].[Tid],
	[t1].[DataChangeLastTime],
	[t1].[IsActive],
	[t1].[Eid],
	[t1].[UserName],
	[t1].[Pwd],
	[t1].[Email],
	[t1].[Phone],
	[t1].[LoginIp],
	[t1].[MenuRights],
	[t1].[RoleTid],
	[t1].[LastLoginTime],
	[t1].[UserAgent],
	[t1].[CreateRoleName],
	[t1].[CreateUser] as [CreateUser1],
	[t1].[Indx],
	[t1].[DeptNo]
FROM
	[system_users] [t1]
WHERE
	[t1].[Eid] = admin

Server：192.168.11.41,DB名稱：PJW, 執行時間：0豪秒
#####################################################

            [Tags]
                 {Key:method,Value:OnCustomerTraceConnection}
 
[09:57:35.4290][Infrastructure.Logging.LogHelper][Info] - SQLSELECT TOP (1)
	[t1].[Tid],
	[t1].[DataChangeLastTime],
	[t1].[IsActive],
	[t1].[Eid],
	[t1].[UserName],
	[t1].[Pwd],
	[t1].[Email],
	[t1].[Phone],
	[t1].[LoginIp],
	[t1].[MenuRights],
	[t1].[RoleTid],
	[t1].[LastLoginTime],
	[t1].[UserAgent],
	[t1].[CreateRoleName],
	[t1].[CreateUser] as [CreateUser1],
	[t1].[Indx],
	[t1].[DeptNo]
FROM
	[system_users] [t1]
WHERE
	[t1].[Eid] = admin

Server：192.168.11.41,DB名稱：PJW, 執行時間：0豪秒
#####################################################

            [Tags]
                 {Key:method,Value:OnCustomerTraceConnection}
 
[09:57:35.4537][Infrastructure.Logging.LogHelper][Info] - SQLSELECT TOP (1)
	[t1].[Tid],
	[t1].[DataChangeLastTime],
	[t1].[IsActive],
	[t1].[Eid],
	[t1].[UserName],
	[t1].[Pwd],
	[t1].[Email],
	[t1].[Phone],
	[t1].[LoginIp],
	[t1].[MenuRights],
	[t1].[RoleTid],
	[t1].[LastLoginTime],
	[t1].[UserAgent],
	[t1].[CreateRoleName],
	[t1].[CreateUser] as [CreateUser1],
	[t1].[Indx],
	[t1].[DeptNo]
FROM
	[system_users] [t1]
WHERE
	[t1].[Eid] = admin

Server：192.168.11.41,DB名稱：PJW, 執行時間：0豪秒
#####################################################

            [Tags]
                 {Key:method,Value:OnCustomerTraceConnection}
 
[10:31:09.9824][Infrastructure.Logging.LogHelper][Info] - SQLSELECT TOP (1)
	[t1].[Tid],
	[t1].[DataChangeLastTime],
	[t1].[IsActive],
	[t1].[Eid],
	[t1].[UserName],
	[t1].[Pwd],
	[t1].[Email],
	[t1].[Phone],
	[t1].[LoginIp],
	[t1].[MenuRights],
	[t1].[RoleTid],
	[t1].[LastLoginTime],
	[t1].[UserAgent],
	[t1].[CreateRoleName],
	[t1].[CreateUser] as [CreateUser1],
	[t1].[Indx],
	[t1].[DeptNo]
FROM
	[system_users] [t1]
WHERE
	[t1].[Eid] = admin

Server：192.168.11.41,DB名稱：PJW, 執行時間：10豪秒
#####################################################

            [Tags]
                 {Key:method,Value:OnCustomerTraceConnection}
 
[10:31:13.6371][Infrastructure.Logging.LogHelper][Info] - SQLSELECT TOP (1)
	[t1].[Tid],
	[t1].[DataChangeLastTime],
	[t1].[IsActive],
	[t1].[Eid],
	[t1].[UserName],
	[t1].[Pwd],
	[t1].[Email],
	[t1].[Phone],
	[t1].[LoginIp],
	[t1].[MenuRights],
	[t1].[RoleTid],
	[t1].[LastLoginTime],
	[t1].[UserAgent],
	[t1].[CreateRoleName],
	[t1].[CreateUser] as [CreateUser1],
	[t1].[Indx],
	[t1].[DeptNo]
FROM
	[system_users] [t1]
WHERE
	[t1].[Eid] = admin

Server：192.168.11.41,DB名稱：PJW, 執行時間：1豪秒
#####################################################

            [Tags]
                 {Key:method,Value:OnCustomerTraceConnection}
 
[10:31:13.6706][Infrastructure.Logging.LogHelper][Info] - SQLSELECT TOP (1)
	[t1].[Tid],
	[t1].[DataChangeLastTime],
	[t1].[IsActive],
	[t1].[Eid],
	[t1].[UserName],
	[t1].[Pwd],
	[t1].[Email],
	[t1].[Phone],
	[t1].[LoginIp],
	[t1].[MenuRights],
	[t1].[RoleTid],
	[t1].[LastLoginTime],
	[t1].[UserAgent],
	[t1].[CreateRoleName],
	[t1].[CreateUser] as [CreateUser1],
	[t1].[Indx],
	[t1].[DeptNo]
FROM
	[system_users] [t1]
WHERE
	[t1].[Eid] = admin

Server：192.168.11.41,DB名稱：PJW, 執行時間：1豪秒
#####################################################

            [Tags]
                 {Key:method,Value:OnCustomerTraceConnection}
 
[15:17:49.4187][PJW.Web.Program][Debug] - init main 
[15:18:00.0076][Infrastructure.Logging.LogHelper][Info] - SQLSELECT TOP (1)
	[t1].[Tid],
	[t1].[DataChangeLastTime],
	[t1].[IsActive],
	[t1].[Eid],
	[t1].[UserName],
	[t1].[Pwd],
	[t1].[Email],
	[t1].[Phone],
	[t1].[LoginIp],
	[t1].[MenuRights],
	[t1].[RoleTid],
	[t1].[LastLoginTime],
	[t1].[UserAgent],
	[t1].[CreateRoleName],
	[t1].[CreateUser] as [CreateUser1],
	[t1].[Indx],
	[t1].[DeptNo]
FROM
	[system_users] [t1]
WHERE
	True = [t1].[IsActive] AND [t1].[Eid] = hikaruchiu

Server：192.168.11.41,DB名稱：PJW, 執行時間：181豪秒
#####################################################

            [Tags]
                 {Key:method,Value:OnCustomerTraceConnection}
 
[15:18:00.1366][Infrastructure.Logging.LogHelper][Info] - SQLSELECT TOP (1)
	[t2].[Tid],
	[t2].[DataChangeLastTime],
	[t2].[IsActive],
	[t2].[Eid],
	[t2].[UserName],
	[t2].[Pwd],
	[t2].[Email],
	[t2].[Phone],
	[t2].[LoginIp],
	[t2].[MenuRights],
	[t2].[RoleTid],
	[t2].[LastLoginTime],
	[t2].[UserAgent],
	[t2].[CreateRoleName],
	[t2].[CreateUser] as [CreateUser1],
	[t2].[Indx],
	[t2].[DeptNo],
	[t1].[DataChangeLastTime] as [DataChangeLastTime1],
	[t1].[RoleName],
	[t1].[Description],
	[t1].[IsActive] as [IsActive1],
	[t1].[MenuRights] as [MenuRights1],
	[t1].[Tid] as [Tid1],
	[t1].[ActionList],
	[t1].[CreateUser] as [CreateUser2],
	[t1].[CreateRoleTid]
FROM
	[system_users] [t2]
		LEFT JOIN [system_role] [t1] ON [t1].[Tid] = [t2].[RoleTid]
WHERE
	[t2].[Eid] = hikaruchiu

Server：192.168.11.41,DB名稱：PJW, 執行時間：4豪秒
#####################################################

            [Tags]
                 {Key:method,Value:OnCustomerTraceConnection}
 
[15:18:00.2104][Infrastructure.Logging.LogHelper][Info] - SQLUPDATE
	[t1]
SET
	[t1].[LoginIp] = ::1,
	[t1].[LastLoginTime] = 2021/10/1 下午 03:18:00,
	[t1].[UserAgent] = Mozilla/5.0 (Windows NT 10.0; Win64; x64) AppleWebKit/537.36 (KHTML, like Gecko) Chrome/94.0.4606.61 Safari/537.36
FROM
	[system_users] [t1]
WHERE
	[t1].[Eid] = hikaruchiu

Server：192.168.11.41,DB名稱：PJW, 執行時間：3豪秒
#####################################################

            [Tags]
                 {Key:method,Value:OnCustomerTraceConnection}
 
[15:18:00.3627][Infrastructure.Logging.LogHelper][Info] - SQLSELECT TOP (1)
	[t1].[Tid],
	[t1].[DataChangeLastTime],
	[t1].[IsActive],
	[t1].[Eid],
	[t1].[UserName],
	[t1].[Pwd],
	[t1].[Email],
	[t1].[Phone],
	[t1].[LoginIp],
	[t1].[MenuRights],
	[t1].[RoleTid],
	[t1].[LastLoginTime],
	[t1].[UserAgent],
	[t1].[CreateRoleName],
	[t1].[CreateUser] as [CreateUser1],
	[t1].[Indx],
	[t1].[DeptNo]
FROM
	[system_users] [t1]
WHERE
	[t1].[Eid] = hikaruchiu

Server：192.168.11.41,DB名稱：PJW, 執行時間：1豪秒
#####################################################

            [Tags]
                 {Key:method,Value:OnCustomerTraceConnection}
 
[15:18:00.3781][Infrastructure.Logging.LogHelper][Info] - SQLSELECT TOP (1)
	[t1].[Tid],
	[t1].[DataChangeLastTime],
	[t1].[IsActive],
	[t1].[ParentTid],
	[t1].[Name],
	[t1].[Ico],
	[t1].[Url],
	[t1].[OrderRule],
	[t1].[Level] as [Level1],
	[t1].[Class] as [Class1]
FROM
	[system_menu] [t1]
WHERE
	[t1].[Url] = ~/Admin/Home/Index

Server：192.168.11.41,DB名稱：PJW, 執行時間：0豪秒
#####################################################

            [Tags]
                 {Key:method,Value:OnCustomerTraceConnection}
 
[15:18:00.4246][Infrastructure.Logging.LogHelper][Info] - SQLSELECT TOP (1)
	[t1].[Tid],
	[t1].[DataChangeLastTime],
	[t1].[IsActive],
	[t1].[Eid],
	[t1].[UserName],
	[t1].[Pwd],
	[t1].[Email],
	[t1].[Phone],
	[t1].[LoginIp],
	[t1].[MenuRights],
	[t1].[RoleTid],
	[t1].[LastLoginTime],
	[t1].[UserAgent],
	[t1].[CreateRoleName],
	[t1].[CreateUser] as [CreateUser1],
	[t1].[Indx],
	[t1].[DeptNo]
FROM
	[system_users] [t1]
WHERE
	[t1].[Eid] = hikaruchiu

Server：192.168.11.41,DB名稱：PJW, 執行時間：1豪秒
#####################################################

            [Tags]
                 {Key:method,Value:OnCustomerTraceConnection}
 
[15:18:00.4584][Infrastructure.Logging.LogHelper][Info] - SQLSELECT
	[t1].[Class] as [Class1],
	[t1].[Ico],
	[t1].[IsActive],
	[t1].[Level] as [Level1],
	[t1].[Name],
	[t1].[OrderRule],
	[t1].[ParentTid],
	[t1].[Tid],
	[t1].[Url]
FROM
	[system_menu] [t1]
WHERE
	True = [t1].[IsActive]

Server：192.168.11.41,DB名稱：PJW, 執行時間：1豪秒
#####################################################

            [Tags]
                 {Key:method,Value:OnCustomerTraceConnection}
 
[15:24:50.7032][PJW.Web.Program][Debug] - init main 
[15:24:53.4212][Infrastructure.Logging.LogHelper][Info] - SQLSELECT TOP (1)
	[t1].[Tid],
	[t1].[DataChangeLastTime],
	[t1].[IsActive],
	[t1].[Eid],
	[t1].[UserName],
	[t1].[Pwd],
	[t1].[Email],
	[t1].[Phone],
	[t1].[LoginIp],
	[t1].[MenuRights],
	[t1].[RoleTid],
	[t1].[LastLoginTime],
	[t1].[UserAgent],
	[t1].[CreateRoleName],
	[t1].[CreateUser] as [CreateUser1],
	[t1].[Indx],
	[t1].[DeptNo]
FROM
	[system_users] [t1]
WHERE
	[t1].[Eid] = hikaruchiu

Server：192.168.11.41,DB名稱：PJW, 執行時間：151豪秒
#####################################################

            [Tags]
                 {Key:method,Value:OnCustomerTraceConnection}
 
[15:24:53.4953][Infrastructure.Logging.LogHelper][Info] - SQLSELECT TOP (1)
	[t1].[Tid],
	[t1].[DataChangeLastTime],
	[t1].[IsActive],
	[t1].[ParentTid],
	[t1].[Name],
	[t1].[Ico],
	[t1].[Url],
	[t1].[OrderRule],
	[t1].[Level] as [Level1],
	[t1].[Class] as [Class1]
FROM
	[system_menu] [t1]
WHERE
	[t1].[Url] = ~/Admin/Home/Index

Server：192.168.11.41,DB名稱：PJW, 執行時間：3豪秒
#####################################################

            [Tags]
                 {Key:method,Value:OnCustomerTraceConnection}
 
[15:24:53.6990][Infrastructure.Logging.LogHelper][Info] - SQLSELECT TOP (1)
	[t1].[Tid],
	[t1].[DataChangeLastTime],
	[t1].[IsActive],
	[t1].[Eid],
	[t1].[UserName],
	[t1].[Pwd],
	[t1].[Email],
	[t1].[Phone],
	[t1].[LoginIp],
	[t1].[MenuRights],
	[t1].[RoleTid],
	[t1].[LastLoginTime],
	[t1].[UserAgent],
	[t1].[CreateRoleName],
	[t1].[CreateUser] as [CreateUser1],
	[t1].[Indx],
	[t1].[DeptNo]
FROM
	[system_users] [t1]
WHERE
	[t1].[Eid] = hikaruchiu

Server：192.168.11.41,DB名稱：PJW, 執行時間：1豪秒
#####################################################

            [Tags]
                 {Key:method,Value:OnCustomerTraceConnection}
 
[15:24:53.7510][Infrastructure.Logging.LogHelper][Info] - SQLSELECT
	[t1].[Class] as [Class1],
	[t1].[Ico],
	[t1].[IsActive],
	[t1].[Level] as [Level1],
	[t1].[Name],
	[t1].[OrderRule],
	[t1].[ParentTid],
	[t1].[Tid],
	[t1].[Url]
FROM
	[system_menu] [t1]
WHERE
	True = [t1].[IsActive]

Server：192.168.11.41,DB名稱：PJW, 執行時間：1豪秒
#####################################################

            [Tags]
                 {Key:method,Value:OnCustomerTraceConnection}
 
[15:27:25.9131][PJW.Web.Program][Debug] - init main 
[15:27:28.4352][Infrastructure.Logging.LogHelper][Info] - SQLSELECT TOP (1)
	[t1].[Tid],
	[t1].[DataChangeLastTime],
	[t1].[IsActive],
	[t1].[Eid],
	[t1].[UserName],
	[t1].[Pwd],
	[t1].[Email],
	[t1].[Phone],
	[t1].[LoginIp],
	[t1].[MenuRights],
	[t1].[RoleTid],
	[t1].[LastLoginTime],
	[t1].[UserAgent],
	[t1].[CreateRoleName],
	[t1].[CreateUser] as [CreateUser1],
	[t1].[Indx],
	[t1].[DeptNo]
FROM
	[system_users] [t1]
WHERE
	[t1].[Eid] = hikaruchiu

Server：192.168.11.41,DB名稱：PJW, 執行時間：134豪秒
#####################################################

            [Tags]
                 {Key:method,Value:OnCustomerTraceConnection}
 
[15:27:28.4966][Infrastructure.Logging.LogHelper][Info] - SQLSELECT TOP (1)
	[t1].[Tid],
	[t1].[DataChangeLastTime],
	[t1].[IsActive],
	[t1].[ParentTid],
	[t1].[Name],
	[t1].[Ico],
	[t1].[Url],
	[t1].[OrderRule],
	[t1].[Level] as [Level1],
	[t1].[Class] as [Class1]
FROM
	[system_menu] [t1]
WHERE
	[t1].[Url] = ~/Admin/Home/Index

Server：192.168.11.41,DB名稱：PJW, 執行時間：2豪秒
#####################################################

            [Tags]
                 {Key:method,Value:OnCustomerTraceConnection}
 
[15:27:28.6497][Infrastructure.Logging.LogHelper][Info] - SQLSELECT TOP (1)
	[t1].[Tid],
	[t1].[DataChangeLastTime],
	[t1].[IsActive],
	[t1].[Eid],
	[t1].[UserName],
	[t1].[Pwd],
	[t1].[Email],
	[t1].[Phone],
	[t1].[LoginIp],
	[t1].[MenuRights],
	[t1].[RoleTid],
	[t1].[LastLoginTime],
	[t1].[UserAgent],
	[t1].[CreateRoleName],
	[t1].[CreateUser] as [CreateUser1],
	[t1].[Indx],
	[t1].[DeptNo]
FROM
	[system_users] [t1]
WHERE
	[t1].[Eid] = hikaruchiu

Server：192.168.11.41,DB名稱：PJW, 執行時間：1豪秒
#####################################################

            [Tags]
                 {Key:method,Value:OnCustomerTraceConnection}
 
[15:27:28.6953][Infrastructure.Logging.LogHelper][Info] - SQLSELECT
	[t1].[Class] as [Class1],
	[t1].[Ico],
	[t1].[IsActive],
	[t1].[Level] as [Level1],
	[t1].[Name],
	[t1].[OrderRule],
	[t1].[ParentTid],
	[t1].[Tid],
	[t1].[Url]
FROM
	[system_menu] [t1]
WHERE
	True = [t1].[IsActive]

Server：192.168.11.41,DB名稱：PJW, 執行時間：0豪秒
#####################################################

            [Tags]
                 {Key:method,Value:OnCustomerTraceConnection}
 
[16:15:17.2095][PJW.Web.Program][Debug] - init main 
[16:15:21.6401][Infrastructure.Logging.LogHelper][Info] - SQLSELECT TOP (1)
	[t1].[Tid],
	[t1].[DataChangeLastTime],
	[t1].[IsActive],
	[t1].[Eid],
	[t1].[UserName],
	[t1].[Pwd],
	[t1].[Email],
	[t1].[Phone],
	[t1].[LoginIp],
	[t1].[MenuRights],
	[t1].[RoleTid],
	[t1].[LastLoginTime],
	[t1].[UserAgent],
	[t1].[CreateRoleName],
	[t1].[CreateUser] as [CreateUser1],
	[t1].[Indx],
	[t1].[DeptNo]
FROM
	[system_users] [t1]
WHERE
	[t1].[Eid] = hikaruchiu

Server：192.168.11.41,DB名稱：PJW, 執行時間：184豪秒
#####################################################

            [Tags]
                 {Key:method,Value:OnCustomerTraceConnection}
 
[16:15:21.7106][Infrastructure.Logging.LogHelper][Info] - SQLSELECT TOP (1)
	[t1].[Tid],
	[t1].[DataChangeLastTime],
	[t1].[IsActive],
	[t1].[ParentTid],
	[t1].[Name],
	[t1].[Ico],
	[t1].[Url],
	[t1].[OrderRule],
	[t1].[Level] as [Level1],
	[t1].[Class] as [Class1]
FROM
	[system_menu] [t1]
WHERE
	[t1].[Url] = ~/Admin/Home/Index

Server：192.168.11.41,DB名稱：PJW, 執行時間：3豪秒
#####################################################

            [Tags]
                 {Key:method,Value:OnCustomerTraceConnection}
 
[16:15:21.9414][Infrastructure.Logging.LogHelper][Info] - SQLSELECT TOP (1)
	[t1].[Tid],
	[t1].[DataChangeLastTime],
	[t1].[IsActive],
	[t1].[Eid],
	[t1].[UserName],
	[t1].[Pwd],
	[t1].[Email],
	[t1].[Phone],
	[t1].[LoginIp],
	[t1].[MenuRights],
	[t1].[RoleTid],
	[t1].[LastLoginTime],
	[t1].[UserAgent],
	[t1].[CreateRoleName],
	[t1].[CreateUser] as [CreateUser1],
	[t1].[Indx],
	[t1].[DeptNo]
FROM
	[system_users] [t1]
WHERE
	[t1].[Eid] = hikaruchiu

Server：192.168.11.41,DB名稱：PJW, 執行時間：1豪秒
#####################################################

            [Tags]
                 {Key:method,Value:OnCustomerTraceConnection}
 
[16:15:22.0122][Infrastructure.Logging.LogHelper][Info] - SQLSELECT
	[t1].[Class] as [Class1],
	[t1].[Ico],
	[t1].[IsActive],
	[t1].[Level] as [Level1],
	[t1].[Name],
	[t1].[OrderRule],
	[t1].[ParentTid],
	[t1].[Tid],
	[t1].[Url]
FROM
	[system_menu] [t1]
WHERE
	True = [t1].[IsActive]

Server：192.168.11.41,DB名稱：PJW, 執行時間：1豪秒
#####################################################

            [Tags]
                 {Key:method,Value:OnCustomerTraceConnection}
 
