[08:24:13.5346][PJW.Web.Program][Debug] - init main 
[08:27:14.3760][Infrastructure.Logging.LogHelper][Info] - SQLSELECT TOP (1)
	[t1].[Tid],
	[t1].[DataChangeLastTime],
	[t1].[IsActive],
	[t1].[Eid],
	[t1].[UserName],
	[t1].[Pwd],
	[t1].[Phone],
	[t1].[LoginIp],
	[t1].[MenuRights],
	[t1].[RoleTid],
	[t1].[LastLoginTime],
	[t1].[UserAgent],
	[t1].[CreateRoleName],
	[t1].[CreateUser] as [CreateUser1]
FROM
	[system_users] [t1]
WHERE
	True = [t1].[IsActive] AND [t1].[Eid] = admin

Server：.,DB名稱：PJW, 執行時間：238豪秒
#####################################################

            [Tags]
                 {Key:method,Value:OnCustomerTraceConnection}
 
[08:27:14.5364][Infrastructure.Logging.LogHelper][Info] - SQLSELECT TOP (1)
	[t2].[Tid],
	[t2].[DataChangeLastTime],
	[t2].[IsActive],
	[t2].[Eid],
	[t2].[UserName],
	[t2].[Pwd],
	[t2].[Phone],
	[t2].[LoginIp],
	[t2].[MenuRights],
	[t2].[RoleTid],
	[t2].[LastLoginTime],
	[t2].[UserAgent],
	[t2].[CreateRoleName],
	[t2].[CreateUser] as [CreateUser1],
	[t1].[DataChangeLastTime] as [DataChangeLastTime1],
	[t1].[RoleName],
	[t1].[Description],
	[t1].[IsActive] as [IsActive1],
	[t1].[MenuRights] as [MenuRights1],
	[t1].[Tid] as [Tid1],
	[t1].[ActionList],
	[t1].[CreateUser] as [CreateUser2],
	[t1].[CreateRoleTid]
FROM
	[system_users] [t2]
		LEFT JOIN [system_role] [t1] ON [t1].[Tid] = [t2].[RoleTid]
WHERE
	[t2].[Eid] = admin

Server：.,DB名稱：PJW, 執行時間：6豪秒
#####################################################

            [Tags]
                 {Key:method,Value:OnCustomerTraceConnection}
 
[08:27:14.6118][Infrastructure.Logging.LogHelper][Info] - SQLUPDATE
	[t1]
SET
	[t1].[LoginIp] = ::1,
	[t1].[LastLoginTime] = 2021/9/26 上午 08:27:14,
	[t1].[UserAgent] = Mozilla/5.0 (Windows NT 10.0; Win64; x64) AppleWebKit/537.36 (KHTML, like Gecko) Chrome/93.0.4577.82 Safari/537.36
FROM
	[system_users] [t1]
WHERE
	[t1].[Eid] = admin

Server：.,DB名稱：PJW, 執行時間：3豪秒
#####################################################

            [Tags]
                 {Key:method,Value:OnCustomerTraceConnection}
 
[08:27:14.8715][Infrastructure.Logging.LogHelper][Info] - SQLSELECT TOP (1)
	[t1].[Tid],
	[t1].[DataChangeLastTime],
	[t1].[IsActive],
	[t1].[Eid],
	[t1].[UserName],
	[t1].[Pwd],
	[t1].[Phone],
	[t1].[LoginIp],
	[t1].[MenuRights],
	[t1].[RoleTid],
	[t1].[LastLoginTime],
	[t1].[UserAgent],
	[t1].[CreateRoleName],
	[t1].[CreateUser] as [CreateUser1]
FROM
	[system_users] [t1]
WHERE
	[t1].[Eid] = admin

Server：.,DB名稱：PJW, 執行時間：1豪秒
#####################################################

            [Tags]
                 {Key:method,Value:OnCustomerTraceConnection}
 
[08:27:14.9500][Infrastructure.Logging.LogHelper][Info] - SQLSELECT TOP (1)
	[t1].[Tid],
	[t1].[DataChangeLastTime],
	[t1].[IsActive],
	[t1].[Eid],
	[t1].[UserName],
	[t1].[Pwd],
	[t1].[Phone],
	[t1].[LoginIp],
	[t1].[MenuRights],
	[t1].[RoleTid],
	[t1].[LastLoginTime],
	[t1].[UserAgent],
	[t1].[CreateRoleName],
	[t1].[CreateUser] as [CreateUser1]
FROM
	[system_users] [t1]
WHERE
	[t1].[Eid] = admin

Server：.,DB名稱：PJW, 執行時間：0豪秒
#####################################################

            [Tags]
                 {Key:method,Value:OnCustomerTraceConnection}
 
[08:27:15.0373][Infrastructure.Logging.LogHelper][Info] - SQLSELECT
	[t1].[Class] as [Class1],
	[t1].[Ico],
	[t1].[IsActive],
	[t1].[Level] as [Level1],
	[t1].[Name],
	[t1].[OrderRule],
	[t1].[ParentTid],
	[t1].[Tid],
	[t1].[Url]
FROM
	[system_menu] [t1]
WHERE
	True = [t1].[IsActive]

Server：.,DB名稱：PJW, 執行時間：1豪秒
#####################################################

            [Tags]
                 {Key:method,Value:OnCustomerTraceConnection}
 
[08:27:17.5734][Infrastructure.Logging.LogHelper][Info] - SQLSELECT TOP (1)
	[t1].[Tid],
	[t1].[DataChangeLastTime],
	[t1].[IsActive],
	[t1].[Eid],
	[t1].[UserName],
	[t1].[Pwd],
	[t1].[Phone],
	[t1].[LoginIp],
	[t1].[MenuRights],
	[t1].[RoleTid],
	[t1].[LastLoginTime],
	[t1].[UserAgent],
	[t1].[CreateRoleName],
	[t1].[CreateUser] as [CreateUser1]
FROM
	[system_users] [t1]
WHERE
	[t1].[Eid] = admin

Server：.,DB名稱：PJW, 執行時間：0豪秒
#####################################################

            [Tags]
                 {Key:method,Value:OnCustomerTraceConnection}
 
[08:27:23.5155][Infrastructure.Logging.LogHelper][Info] - SQLSELECT TOP (1)
	[t1].[Tid],
	[t1].[DataChangeLastTime],
	[t1].[IsActive],
	[t1].[Eid],
	[t1].[UserName],
	[t1].[Pwd],
	[t1].[Phone],
	[t1].[LoginIp],
	[t1].[MenuRights],
	[t1].[RoleTid],
	[t1].[LastLoginTime],
	[t1].[UserAgent],
	[t1].[CreateRoleName],
	[t1].[CreateUser] as [CreateUser1]
FROM
	[system_users] [t1]
WHERE
	[t1].[Eid] = admin

Server：.,DB名稱：PJW, 執行時間：0豪秒
#####################################################

            [Tags]
                 {Key:method,Value:OnCustomerTraceConnection}
 
[08:36:05.3200][PJW.Web.Program][Debug] - init main 
[08:36:09.4129][Infrastructure.Logging.LogHelper][Info] - SQLSELECT TOP (1)
	[t1].[Tid],
	[t1].[DataChangeLastTime],
	[t1].[IsActive],
	[t1].[Eid],
	[t1].[UserName],
	[t1].[Pwd],
	[t1].[Phone],
	[t1].[LoginIp],
	[t1].[MenuRights],
	[t1].[RoleTid],
	[t1].[LastLoginTime],
	[t1].[UserAgent],
	[t1].[CreateRoleName],
	[t1].[CreateUser] as [CreateUser1]
FROM
	[system_users] [t1]
WHERE
	[t1].[Eid] = admin

Server：.,DB名稱：PJW, 執行時間：328豪秒
#####################################################

            [Tags]
                 {Key:method,Value:OnCustomerTraceConnection}
 
[08:36:09.8779][Infrastructure.Logging.LogHelper][Info] - SQLSELECT TOP (1)
	[t1].[Tid],
	[t1].[DataChangeLastTime],
	[t1].[IsActive],
	[t1].[Eid],
	[t1].[UserName],
	[t1].[Pwd],
	[t1].[Phone],
	[t1].[LoginIp],
	[t1].[MenuRights],
	[t1].[RoleTid],
	[t1].[LastLoginTime],
	[t1].[UserAgent],
	[t1].[CreateRoleName],
	[t1].[CreateUser] as [CreateUser1]
FROM
	[system_users] [t1]
WHERE
	[t1].[Eid] = admin

Server：.,DB名稱：PJW, 執行時間：2豪秒
#####################################################

            [Tags]
                 {Key:method,Value:OnCustomerTraceConnection}
 
[08:36:09.9590][Infrastructure.Logging.LogHelper][Info] - SQLSELECT
	[t1].[Class] as [Class1],
	[t1].[Ico],
	[t1].[IsActive],
	[t1].[Level] as [Level1],
	[t1].[Name],
	[t1].[OrderRule],
	[t1].[ParentTid],
	[t1].[Tid],
	[t1].[Url]
FROM
	[system_menu] [t1]
WHERE
	True = [t1].[IsActive]

Server：.,DB名稱：PJW, 執行時間：0豪秒
#####################################################

            [Tags]
                 {Key:method,Value:OnCustomerTraceConnection}
 
[08:36:12.6097][Infrastructure.Logging.LogHelper][Info] - SQLSELECT TOP (1)
	[t1].[Tid],
	[t1].[DataChangeLastTime],
	[t1].[IsActive],
	[t1].[Eid],
	[t1].[UserName],
	[t1].[Pwd],
	[t1].[Phone],
	[t1].[LoginIp],
	[t1].[MenuRights],
	[t1].[RoleTid],
	[t1].[LastLoginTime],
	[t1].[UserAgent],
	[t1].[CreateRoleName],
	[t1].[CreateUser] as [CreateUser1]
FROM
	[system_users] [t1]
WHERE
	[t1].[Eid] = admin

Server：.,DB名稱：PJW, 執行時間：0豪秒
#####################################################

            [Tags]
                 {Key:method,Value:OnCustomerTraceConnection}
 
[08:36:17.8997][Infrastructure.Logging.LogHelper][Info] - SQLSELECT TOP (1)
	[t1].[Tid],
	[t1].[DataChangeLastTime],
	[t1].[IsActive],
	[t1].[Eid],
	[t1].[UserName],
	[t1].[Pwd],
	[t1].[Phone],
	[t1].[LoginIp],
	[t1].[MenuRights],
	[t1].[RoleTid],
	[t1].[LastLoginTime],
	[t1].[UserAgent],
	[t1].[CreateRoleName],
	[t1].[CreateUser] as [CreateUser1]
FROM
	[system_users] [t1]
WHERE
	[t1].[Eid] = admin

Server：.,DB名稱：PJW, 執行時間：1豪秒
#####################################################

            [Tags]
                 {Key:method,Value:OnCustomerTraceConnection}
 
[08:37:17.7057][Infrastructure.Logging.LogHelper][Info] - SQLSELECT TOP (1)
	[t1].[Tid],
	[t1].[DataChangeLastTime],
	[t1].[IsActive],
	[t1].[Eid],
	[t1].[UserName],
	[t1].[Pwd],
	[t1].[Phone],
	[t1].[LoginIp],
	[t1].[MenuRights],
	[t1].[RoleTid],
	[t1].[LastLoginTime],
	[t1].[UserAgent],
	[t1].[CreateRoleName],
	[t1].[CreateUser] as [CreateUser1]
FROM
	[system_users] [t1]
WHERE
	[t1].[Eid] = admin

Server：.,DB名稱：PJW, 執行時間：0豪秒
#####################################################

            [Tags]
                 {Key:method,Value:OnCustomerTraceConnection}
 
[08:37:17.7057][Infrastructure.Logging.LogHelper][Info] - SQLSELECT TOP (1)
	[t1].[Tid],
	[t1].[DataChangeLastTime],
	[t1].[IsActive],
	[t1].[Eid],
	[t1].[UserName],
	[t1].[Pwd],
	[t1].[Phone],
	[t1].[LoginIp],
	[t1].[MenuRights],
	[t1].[RoleTid],
	[t1].[LastLoginTime],
	[t1].[UserAgent],
	[t1].[CreateRoleName],
	[t1].[CreateUser] as [CreateUser1]
FROM
	[system_users] [t1]
WHERE
	[t1].[Eid] = admin

Server：.,DB名稱：PJW, 執行時間：0豪秒
#####################################################

            [Tags]
                 {Key:method,Value:OnCustomerTraceConnection}
 
[08:37:17.7178][Infrastructure.Logging.LogHelper][Info] - SQLSELECT
	[t1].[Class] as [Class1],
	[t1].[Ico],
	[t1].[IsActive],
	[t1].[Level] as [Level1],
	[t1].[Name],
	[t1].[OrderRule],
	[t1].[ParentTid],
	[t1].[Tid],
	[t1].[Url]
FROM
	[system_menu] [t1]
WHERE
	True = [t1].[IsActive]

Server：.,DB名稱：PJW, 執行時間：0豪秒
#####################################################

            [Tags]
                 {Key:method,Value:OnCustomerTraceConnection}
 
[08:37:21.3230][Infrastructure.Logging.LogHelper][Info] - SQLSELECT TOP (1)
	[t1].[Tid],
	[t1].[DataChangeLastTime],
	[t1].[IsActive],
	[t1].[Eid],
	[t1].[UserName],
	[t1].[Pwd],
	[t1].[Phone],
	[t1].[LoginIp],
	[t1].[MenuRights],
	[t1].[RoleTid],
	[t1].[LastLoginTime],
	[t1].[UserAgent],
	[t1].[CreateRoleName],
	[t1].[CreateUser] as [CreateUser1]
FROM
	[system_users] [t1]
WHERE
	[t1].[Eid] = admin

Server：.,DB名稱：PJW, 執行時間：0豪秒
#####################################################

            [Tags]
                 {Key:method,Value:OnCustomerTraceConnection}
 
[08:37:21.9595][Infrastructure.Logging.LogHelper][Info] - SQLSELECT TOP (1)
	[t1].[Tid],
	[t1].[DataChangeLastTime],
	[t1].[IsActive],
	[t1].[Eid],
	[t1].[UserName],
	[t1].[Pwd],
	[t1].[Phone],
	[t1].[LoginIp],
	[t1].[MenuRights],
	[t1].[RoleTid],
	[t1].[LastLoginTime],
	[t1].[UserAgent],
	[t1].[CreateRoleName],
	[t1].[CreateUser] as [CreateUser1]
FROM
	[system_users] [t1]
WHERE
	[t1].[Eid] = admin

Server：.,DB名稱：PJW, 執行時間：0豪秒
#####################################################

            [Tags]
                 {Key:method,Value:OnCustomerTraceConnection}
 
[08:42:21.2435][Infrastructure.Logging.LogHelper][Info] - SQLSELECT TOP (1)
	[t1].[Tid],
	[t1].[DataChangeLastTime],
	[t1].[IsActive],
	[t1].[Eid],
	[t1].[UserName],
	[t1].[Pwd],
	[t1].[Phone],
	[t1].[LoginIp],
	[t1].[MenuRights],
	[t1].[RoleTid],
	[t1].[LastLoginTime],
	[t1].[UserAgent],
	[t1].[CreateRoleName],
	[t1].[CreateUser] as [CreateUser1]
FROM
	[system_users] [t1]
WHERE
	[t1].[Eid] = admin

Server：.,DB名稱：PJW, 執行時間：58豪秒
#####################################################

            [Tags]
                 {Key:method,Value:OnCustomerTraceConnection}
 
[08:42:21.2559][Infrastructure.Logging.LogHelper][Info] - SQLSELECT TOP (1)
	[t1].[Tid],
	[t1].[DataChangeLastTime],
	[t1].[IsActive],
	[t1].[Eid],
	[t1].[UserName],
	[t1].[Pwd],
	[t1].[Phone],
	[t1].[LoginIp],
	[t1].[MenuRights],
	[t1].[RoleTid],
	[t1].[LastLoginTime],
	[t1].[UserAgent],
	[t1].[CreateRoleName],
	[t1].[CreateUser] as [CreateUser1]
FROM
	[system_users] [t1]
WHERE
	[t1].[Eid] = admin

Server：.,DB名稱：PJW, 執行時間：1豪秒
#####################################################

            [Tags]
                 {Key:method,Value:OnCustomerTraceConnection}
 
[08:42:21.2748][Infrastructure.Logging.LogHelper][Info] - SQLSELECT
	[t1].[Class] as [Class1],
	[t1].[Ico],
	[t1].[IsActive],
	[t1].[Level] as [Level1],
	[t1].[Name],
	[t1].[OrderRule],
	[t1].[ParentTid],
	[t1].[Tid],
	[t1].[Url]
FROM
	[system_menu] [t1]
WHERE
	True = [t1].[IsActive]

Server：.,DB名稱：PJW, 執行時間：12豪秒
#####################################################

            [Tags]
                 {Key:method,Value:OnCustomerTraceConnection}
 
[08:42:24.5951][Infrastructure.Logging.LogHelper][Info] - SQLSELECT TOP (1)
	[t1].[Tid],
	[t1].[DataChangeLastTime],
	[t1].[IsActive],
	[t1].[Eid],
	[t1].[UserName],
	[t1].[Pwd],
	[t1].[Phone],
	[t1].[LoginIp],
	[t1].[MenuRights],
	[t1].[RoleTid],
	[t1].[LastLoginTime],
	[t1].[UserAgent],
	[t1].[CreateRoleName],
	[t1].[CreateUser] as [CreateUser1]
FROM
	[system_users] [t1]
WHERE
	[t1].[Eid] = admin

Server：.,DB名稱：PJW, 執行時間：62豪秒
#####################################################

            [Tags]
                 {Key:method,Value:OnCustomerTraceConnection}
 
[08:42:25.1235][Infrastructure.Logging.LogHelper][Info] - SQLSELECT TOP (1)
	[t1].[Tid],
	[t1].[DataChangeLastTime],
	[t1].[IsActive],
	[t1].[Eid],
	[t1].[UserName],
	[t1].[Pwd],
	[t1].[Phone],
	[t1].[LoginIp],
	[t1].[MenuRights],
	[t1].[RoleTid],
	[t1].[LastLoginTime],
	[t1].[UserAgent],
	[t1].[CreateRoleName],
	[t1].[CreateUser] as [CreateUser1]
FROM
	[system_users] [t1]
WHERE
	[t1].[Eid] = admin

Server：.,DB名稱：PJW, 執行時間：6豪秒
#####################################################

            [Tags]
                 {Key:method,Value:OnCustomerTraceConnection}
 
[08:43:20.5145][PJW.Web.Program][Debug] - init main 
[08:43:25.4532][Infrastructure.Logging.LogHelper][Info] - SQLSELECT TOP (1)
	[t1].[Tid],
	[t1].[DataChangeLastTime],
	[t1].[IsActive],
	[t1].[Eid],
	[t1].[UserName],
	[t1].[Pwd],
	[t1].[Phone],
	[t1].[LoginIp],
	[t1].[MenuRights],
	[t1].[RoleTid],
	[t1].[LastLoginTime],
	[t1].[UserAgent],
	[t1].[CreateRoleName],
	[t1].[CreateUser] as [CreateUser1]
FROM
	[system_users] [t1]
WHERE
	[t1].[Eid] = admin

Server：.,DB名稱：PJW, 執行時間：191豪秒
#####################################################

            [Tags]
                 {Key:method,Value:OnCustomerTraceConnection}
 
[08:43:25.7638][Infrastructure.Logging.LogHelper][Info] - SQLSELECT TOP (1)
	[t1].[Tid],
	[t1].[DataChangeLastTime],
	[t1].[IsActive],
	[t1].[Eid],
	[t1].[UserName],
	[t1].[Pwd],
	[t1].[Phone],
	[t1].[LoginIp],
	[t1].[MenuRights],
	[t1].[RoleTid],
	[t1].[LastLoginTime],
	[t1].[UserAgent],
	[t1].[CreateRoleName],
	[t1].[CreateUser] as [CreateUser1]
FROM
	[system_users] [t1]
WHERE
	[t1].[Eid] = admin

Server：.,DB名稱：PJW, 執行時間：3豪秒
#####################################################

            [Tags]
                 {Key:method,Value:OnCustomerTraceConnection}
 
[08:43:25.8417][Infrastructure.Logging.LogHelper][Info] - SQLSELECT
	[t1].[Class] as [Class1],
	[t1].[Ico],
	[t1].[IsActive],
	[t1].[Level] as [Level1],
	[t1].[Name],
	[t1].[OrderRule],
	[t1].[ParentTid],
	[t1].[Tid],
	[t1].[Url]
FROM
	[system_menu] [t1]
WHERE
	True = [t1].[IsActive]

Server：.,DB名稱：PJW, 執行時間：2豪秒
#####################################################

            [Tags]
                 {Key:method,Value:OnCustomerTraceConnection}
 
[08:43:52.9890][Infrastructure.Logging.LogHelper][Info] - SQLSELECT TOP (1)
	[t1].[Tid],
	[t1].[DataChangeLastTime],
	[t1].[IsActive],
	[t1].[Eid],
	[t1].[UserName],
	[t1].[Pwd],
	[t1].[Phone],
	[t1].[LoginIp],
	[t1].[MenuRights],
	[t1].[RoleTid],
	[t1].[LastLoginTime],
	[t1].[UserAgent],
	[t1].[CreateRoleName],
	[t1].[CreateUser] as [CreateUser1]
FROM
	[system_users] [t1]
WHERE
	[t1].[Eid] = admin

Server：.,DB名稱：PJW, 執行時間：2豪秒
#####################################################

            [Tags]
                 {Key:method,Value:OnCustomerTraceConnection}
 
[08:43:58.1945][Infrastructure.Logging.LogHelper][Info] - SQLSELECT TOP (1)
	[t1].[Tid],
	[t1].[DataChangeLastTime],
	[t1].[IsActive],
	[t1].[Eid],
	[t1].[UserName],
	[t1].[Pwd],
	[t1].[Phone],
	[t1].[LoginIp],
	[t1].[MenuRights],
	[t1].[RoleTid],
	[t1].[LastLoginTime],
	[t1].[UserAgent],
	[t1].[CreateRoleName],
	[t1].[CreateUser] as [CreateUser1]
FROM
	[system_users] [t1]
WHERE
	[t1].[Eid] = admin

Server：.,DB名稱：PJW, 執行時間：2豪秒
#####################################################

            [Tags]
                 {Key:method,Value:OnCustomerTraceConnection}
 
[08:46:32.5057][PJW.Web.Program][Debug] - init main 
[08:46:36.5662][Infrastructure.Logging.LogHelper][Info] - SQLSELECT TOP (1)
	[t1].[Tid],
	[t1].[DataChangeLastTime],
	[t1].[IsActive],
	[t1].[Eid],
	[t1].[UserName],
	[t1].[Pwd],
	[t1].[Phone],
	[t1].[LoginIp],
	[t1].[MenuRights],
	[t1].[RoleTid],
	[t1].[LastLoginTime],
	[t1].[UserAgent],
	[t1].[CreateRoleName],
	[t1].[CreateUser] as [CreateUser1]
FROM
	[system_users] [t1]
WHERE
	[t1].[Eid] = admin

Server：.,DB名稱：PJW, 執行時間：189豪秒
#####################################################

            [Tags]
                 {Key:method,Value:OnCustomerTraceConnection}
 
[08:46:36.8880][Infrastructure.Logging.LogHelper][Info] - SQLSELECT TOP (1)
	[t1].[Tid],
	[t1].[DataChangeLastTime],
	[t1].[IsActive],
	[t1].[Eid],
	[t1].[UserName],
	[t1].[Pwd],
	[t1].[Phone],
	[t1].[LoginIp],
	[t1].[MenuRights],
	[t1].[RoleTid],
	[t1].[LastLoginTime],
	[t1].[UserAgent],
	[t1].[CreateRoleName],
	[t1].[CreateUser] as [CreateUser1]
FROM
	[system_users] [t1]
WHERE
	[t1].[Eid] = admin

Server：.,DB名稱：PJW, 執行時間：2豪秒
#####################################################

            [Tags]
                 {Key:method,Value:OnCustomerTraceConnection}
 
[08:46:36.9629][Infrastructure.Logging.LogHelper][Info] - SQLSELECT
	[t1].[Class] as [Class1],
	[t1].[Ico],
	[t1].[IsActive],
	[t1].[Level] as [Level1],
	[t1].[Name],
	[t1].[OrderRule],
	[t1].[ParentTid],
	[t1].[Tid],
	[t1].[Url]
FROM
	[system_menu] [t1]
WHERE
	True = [t1].[IsActive]

Server：.,DB名稱：PJW, 執行時間：1豪秒
#####################################################

            [Tags]
                 {Key:method,Value:OnCustomerTraceConnection}
 
[08:46:43.0177][Infrastructure.Logging.LogHelper][Info] - SQLSELECT TOP (1)
	[t1].[Tid],
	[t1].[DataChangeLastTime],
	[t1].[IsActive],
	[t1].[Eid],
	[t1].[UserName],
	[t1].[Pwd],
	[t1].[Phone],
	[t1].[LoginIp],
	[t1].[MenuRights],
	[t1].[RoleTid],
	[t1].[LastLoginTime],
	[t1].[UserAgent],
	[t1].[CreateRoleName],
	[t1].[CreateUser] as [CreateUser1]
FROM
	[system_users] [t1]
WHERE
	[t1].[Eid] = admin

Server：.,DB名稱：PJW, 執行時間：0豪秒
#####################################################

            [Tags]
                 {Key:method,Value:OnCustomerTraceConnection}
 
[08:46:47.8463][Infrastructure.Logging.LogHelper][Info] - SQLSELECT TOP (1)
	[t1].[Tid],
	[t1].[DataChangeLastTime],
	[t1].[IsActive],
	[t1].[Eid],
	[t1].[UserName],
	[t1].[Pwd],
	[t1].[Phone],
	[t1].[LoginIp],
	[t1].[MenuRights],
	[t1].[RoleTid],
	[t1].[LastLoginTime],
	[t1].[UserAgent],
	[t1].[CreateRoleName],
	[t1].[CreateUser] as [CreateUser1]
FROM
	[system_users] [t1]
WHERE
	[t1].[Eid] = admin

Server：.,DB名稱：PJW, 執行時間：6豪秒
#####################################################

            [Tags]
                 {Key:method,Value:OnCustomerTraceConnection}
 
[08:46:53.6667][Infrastructure.Logging.LogHelper][Info] - SQLSELECT TOP (1)
	[t1].[Tid],
	[t1].[DataChangeLastTime],
	[t1].[IsActive],
	[t1].[Eid],
	[t1].[UserName],
	[t1].[Pwd],
	[t1].[Phone],
	[t1].[LoginIp],
	[t1].[MenuRights],
	[t1].[RoleTid],
	[t1].[LastLoginTime],
	[t1].[UserAgent],
	[t1].[CreateRoleName],
	[t1].[CreateUser] as [CreateUser1]
FROM
	[system_users] [t1]
WHERE
	[t1].[Eid] = admin

Server：.,DB名稱：PJW, 執行時間：0豪秒
#####################################################

            [Tags]
                 {Key:method,Value:OnCustomerTraceConnection}
 
[08:46:58.8440][Infrastructure.Logging.LogHelper][Info] - SQLSELECT TOP (1)
	[t1].[Tid],
	[t1].[DataChangeLastTime],
	[t1].[IsActive],
	[t1].[Eid],
	[t1].[UserName],
	[t1].[Pwd],
	[t1].[Phone],
	[t1].[LoginIp],
	[t1].[MenuRights],
	[t1].[RoleTid],
	[t1].[LastLoginTime],
	[t1].[UserAgent],
	[t1].[CreateRoleName],
	[t1].[CreateUser] as [CreateUser1]
FROM
	[system_users] [t1]
WHERE
	[t1].[Eid] = admin

Server：.,DB名稱：PJW, 執行時間：0豪秒
#####################################################

            [Tags]
                 {Key:method,Value:OnCustomerTraceConnection}
 
[08:47:00.6909][Infrastructure.Logging.LogHelper][Info] - SQLSELECT TOP (1)
	[t1].[Tid],
	[t1].[DataChangeLastTime],
	[t1].[IsActive],
	[t1].[Eid],
	[t1].[UserName],
	[t1].[Pwd],
	[t1].[Phone],
	[t1].[LoginIp],
	[t1].[MenuRights],
	[t1].[RoleTid],
	[t1].[LastLoginTime],
	[t1].[UserAgent],
	[t1].[CreateRoleName],
	[t1].[CreateUser] as [CreateUser1]
FROM
	[system_users] [t1]
WHERE
	[t1].[Eid] = admin

Server：.,DB名稱：PJW, 執行時間：0豪秒
#####################################################

            [Tags]
                 {Key:method,Value:OnCustomerTraceConnection}
 
[08:47:09.1250][Infrastructure.Logging.LogHelper][Info] - SQLSELECT TOP (1)
	[t1].[Tid],
	[t1].[DataChangeLastTime],
	[t1].[IsActive],
	[t1].[Eid],
	[t1].[UserName],
	[t1].[Pwd],
	[t1].[Phone],
	[t1].[LoginIp],
	[t1].[MenuRights],
	[t1].[RoleTid],
	[t1].[LastLoginTime],
	[t1].[UserAgent],
	[t1].[CreateRoleName],
	[t1].[CreateUser] as [CreateUser1]
FROM
	[system_users] [t1]
WHERE
	[t1].[Eid] = admin

Server：.,DB名稱：PJW, 執行時間：6豪秒
#####################################################

            [Tags]
                 {Key:method,Value:OnCustomerTraceConnection}
 
[08:47:11.9383][Infrastructure.Logging.LogHelper][Info] - SQLSELECT TOP (1)
	[t1].[Tid],
	[t1].[DataChangeLastTime],
	[t1].[IsActive],
	[t1].[Eid],
	[t1].[UserName],
	[t1].[Pwd],
	[t1].[Phone],
	[t1].[LoginIp],
	[t1].[MenuRights],
	[t1].[RoleTid],
	[t1].[LastLoginTime],
	[t1].[UserAgent],
	[t1].[CreateRoleName],
	[t1].[CreateUser] as [CreateUser1]
FROM
	[system_users] [t1]
WHERE
	[t1].[Eid] = admin

Server：.,DB名稱：PJW, 執行時間：0豪秒
#####################################################

            [Tags]
                 {Key:method,Value:OnCustomerTraceConnection}
 
[08:47:13.5784][Infrastructure.Logging.LogHelper][Info] - SQLSELECT TOP (1)
	[t1].[Tid],
	[t1].[DataChangeLastTime],
	[t1].[IsActive],
	[t1].[Eid],
	[t1].[UserName],
	[t1].[Pwd],
	[t1].[Phone],
	[t1].[LoginIp],
	[t1].[MenuRights],
	[t1].[RoleTid],
	[t1].[LastLoginTime],
	[t1].[UserAgent],
	[t1].[CreateRoleName],
	[t1].[CreateUser] as [CreateUser1]
FROM
	[system_users] [t1]
WHERE
	[t1].[Eid] = admin

Server：.,DB名稱：PJW, 執行時間：0豪秒
#####################################################

            [Tags]
                 {Key:method,Value:OnCustomerTraceConnection}
 
