[09:57:51.1378][PJW.Web.Program][Debug] - init main 
[09:58:12.3200][Infrastructure.Logging.LogHelper][Info] - SQLSELECT TOP (1)
	[t1].[Tid],
	[t1].[DataChangeLastTime],
	[t1].[IsActive],
	[t1].[Eid],
	[t1].[UserName],
	[t1].[Pwd],
	[t1].[Email],
	[t1].[Phone],
	[t1].[LoginIp],
	[t1].[MenuRights],
	[t1].[RoleTid],
	[t1].[LastLoginTime],
	[t1].[UserAgent],
	[t1].[CreateRoleName],
	[t1].[CreateUser] as [CreateUser1],
	[t1].[Indx],
	[t1].[DeptNo]
FROM
	[system_users] [t1]
WHERE
	True = [t1].[IsActive] AND [t1].[Eid] = hikaruchiu

Server：192.168.11.41,DB名稱：PJW, 執行時間：190豪秒
#####################################################

            [Tags]
                 {Key:method,Value:OnCustomerTraceConnection}
 
[09:58:12.4442][Infrastructure.Logging.LogHelper][Info] - SQLSELECT TOP (1)
	[t2].[Tid],
	[t2].[DataChangeLastTime],
	[t2].[IsActive],
	[t2].[Eid],
	[t2].[UserName],
	[t2].[Pwd],
	[t2].[Email],
	[t2].[Phone],
	[t2].[LoginIp],
	[t2].[MenuRights],
	[t2].[RoleTid],
	[t2].[LastLoginTime],
	[t2].[UserAgent],
	[t2].[CreateRoleName],
	[t2].[CreateUser] as [CreateUser1],
	[t2].[Indx],
	[t2].[DeptNo],
	[t1].[DataChangeLastTime] as [DataChangeLastTime1],
	[t1].[RoleName],
	[t1].[Description],
	[t1].[IsActive] as [IsActive1],
	[t1].[MenuRights] as [MenuRights1],
	[t1].[Tid] as [Tid1],
	[t1].[ActionList],
	[t1].[CreateUser] as [CreateUser2],
	[t1].[CreateRoleTid]
FROM
	[system_users] [t2]
		LEFT JOIN [system_role] [t1] ON [t1].[Tid] = [t2].[RoleTid]
WHERE
	[t2].[Eid] = hikaruchiu

Server：192.168.11.41,DB名稱：PJW, 執行時間：4豪秒
#####################################################

            [Tags]
                 {Key:method,Value:OnCustomerTraceConnection}
 
[09:58:12.5335][Infrastructure.Logging.LogHelper][Info] - SQLUPDATE
	[t1]
SET
	[t1].[LoginIp] = ::1,
	[t1].[LastLoginTime] = 2021/10/8 上午 09:58:12,
	[t1].[UserAgent] = Mozilla/5.0 (Windows NT 10.0; Win64; x64) AppleWebKit/537.36 (KHTML, like Gecko) Chrome/94.0.4606.71 Safari/537.36
FROM
	[system_users] [t1]
WHERE
	[t1].[Eid] = hikaruchiu

Server：192.168.11.41,DB名稱：PJW, 執行時間：5豪秒
#####################################################

            [Tags]
                 {Key:method,Value:OnCustomerTraceConnection}
 
[09:58:12.6880][Infrastructure.Logging.LogHelper][Info] - SQLSELECT TOP (1)
	[t1].[Tid],
	[t1].[DataChangeLastTime],
	[t1].[IsActive],
	[t1].[Eid],
	[t1].[UserName],
	[t1].[Pwd],
	[t1].[Email],
	[t1].[Phone],
	[t1].[LoginIp],
	[t1].[MenuRights],
	[t1].[RoleTid],
	[t1].[LastLoginTime],
	[t1].[UserAgent],
	[t1].[CreateRoleName],
	[t1].[CreateUser] as [CreateUser1],
	[t1].[Indx],
	[t1].[DeptNo]
FROM
	[system_users] [t1]
WHERE
	[t1].[Eid] = hikaruchiu

Server：192.168.11.41,DB名稱：PJW, 執行時間：1豪秒
#####################################################

            [Tags]
                 {Key:method,Value:OnCustomerTraceConnection}
 
[09:58:12.6880][Infrastructure.Logging.LogHelper][Info] - SQLSELECT TOP (1)
	[t1].[Tid],
	[t1].[DataChangeLastTime],
	[t1].[IsActive],
	[t1].[ParentTid],
	[t1].[Name],
	[t1].[Ico],
	[t1].[Url],
	[t1].[OrderRule],
	[t1].[Level] as [Level1],
	[t1].[Class] as [Class1]
FROM
	[system_menu] [t1]
WHERE
	[t1].[Url] = ~/Admin/Home/Index

Server：192.168.11.41,DB名稱：PJW, 執行時間：0豪秒
#####################################################

            [Tags]
                 {Key:method,Value:OnCustomerTraceConnection}
 
[09:58:12.7493][Infrastructure.Logging.LogHelper][Info] - SQLSELECT TOP (1)
	[t1].[Tid],
	[t1].[DataChangeLastTime],
	[t1].[IsActive],
	[t1].[Eid],
	[t1].[UserName],
	[t1].[Pwd],
	[t1].[Email],
	[t1].[Phone],
	[t1].[LoginIp],
	[t1].[MenuRights],
	[t1].[RoleTid],
	[t1].[LastLoginTime],
	[t1].[UserAgent],
	[t1].[CreateRoleName],
	[t1].[CreateUser] as [CreateUser1],
	[t1].[Indx],
	[t1].[DeptNo]
FROM
	[system_users] [t1]
WHERE
	[t1].[Eid] = hikaruchiu

Server：192.168.11.41,DB名稱：PJW, 執行時間：1豪秒
#####################################################

            [Tags]
                 {Key:method,Value:OnCustomerTraceConnection}
 
[09:58:12.7830][Infrastructure.Logging.LogHelper][Info] - SQLSELECT
	[t1].[Class] as [Class1],
	[t1].[Ico],
	[t1].[IsActive],
	[t1].[Level] as [Level1],
	[t1].[Name],
	[t1].[OrderRule],
	[t1].[ParentTid],
	[t1].[Tid],
	[t1].[Url]
FROM
	[system_menu] [t1]
WHERE
	True = [t1].[IsActive]

Server：192.168.11.41,DB名稱：PJW, 執行時間：1豪秒
#####################################################

            [Tags]
                 {Key:method,Value:OnCustomerTraceConnection}
 
[10:11:20.3922][Infrastructure.Logging.LogHelper][Info] - SQLSELECT TOP (1)
	[t1].[Tid],
	[t1].[DataChangeLastTime],
	[t1].[IsActive],
	[t1].[Eid],
	[t1].[UserName],
	[t1].[Pwd],
	[t1].[Email],
	[t1].[Phone],
	[t1].[LoginIp],
	[t1].[MenuRights],
	[t1].[RoleTid],
	[t1].[LastLoginTime],
	[t1].[UserAgent],
	[t1].[CreateRoleName],
	[t1].[CreateUser] as [CreateUser1],
	[t1].[Indx],
	[t1].[DeptNo]
FROM
	[system_users] [t1]
WHERE
	[t1].[Eid] = hikaruchiu

Server：192.168.11.41,DB名稱：PJW, 執行時間：11豪秒
#####################################################

            [Tags]
                 {Key:method,Value:OnCustomerTraceConnection}
 
[10:11:20.3922][Infrastructure.Logging.LogHelper][Info] - SQLSELECT TOP (1)
	[t1].[Tid],
	[t1].[DataChangeLastTime],
	[t1].[IsActive],
	[t1].[ParentTid],
	[t1].[Name],
	[t1].[Ico],
	[t1].[Url],
	[t1].[OrderRule],
	[t1].[Level] as [Level1],
	[t1].[Class] as [Class1]
FROM
	[system_menu] [t1]
WHERE
	[t1].[Url] = ~/Admin/Home/Index

Server：192.168.11.41,DB名稱：PJW, 執行時間：1豪秒
#####################################################

            [Tags]
                 {Key:method,Value:OnCustomerTraceConnection}
 
[10:11:20.3922][Infrastructure.Logging.LogHelper][Info] - SQLSELECT TOP (1)
	[t1].[Tid],
	[t1].[DataChangeLastTime],
	[t1].[IsActive],
	[t1].[Eid],
	[t1].[UserName],
	[t1].[Pwd],
	[t1].[Email],
	[t1].[Phone],
	[t1].[LoginIp],
	[t1].[MenuRights],
	[t1].[RoleTid],
	[t1].[LastLoginTime],
	[t1].[UserAgent],
	[t1].[CreateRoleName],
	[t1].[CreateUser] as [CreateUser1],
	[t1].[Indx],
	[t1].[DeptNo]
FROM
	[system_users] [t1]
WHERE
	[t1].[Eid] = hikaruchiu

Server：192.168.11.41,DB名稱：PJW, 執行時間：1豪秒
#####################################################

            [Tags]
                 {Key:method,Value:OnCustomerTraceConnection}
 
[10:11:20.4082][Infrastructure.Logging.LogHelper][Info] - SQLSELECT
	[t1].[Class] as [Class1],
	[t1].[Ico],
	[t1].[IsActive],
	[t1].[Level] as [Level1],
	[t1].[Name],
	[t1].[OrderRule],
	[t1].[ParentTid],
	[t1].[Tid],
	[t1].[Url]
FROM
	[system_menu] [t1]
WHERE
	True = [t1].[IsActive]

Server：192.168.11.41,DB名稱：PJW, 執行時間：1豪秒
#####################################################

            [Tags]
                 {Key:method,Value:OnCustomerTraceConnection}
 
[10:37:16.8595][PJW.Web.Program][Debug] - init main 
[10:37:39.5948][Infrastructure.Logging.LogHelper][Info] - SQLSELECT TOP (1)
	[t1].[Tid],
	[t1].[DataChangeLastTime],
	[t1].[IsActive],
	[t1].[Eid],
	[t1].[UserName],
	[t1].[Pwd],
	[t1].[Email],
	[t1].[Phone],
	[t1].[LoginIp],
	[t1].[MenuRights],
	[t1].[RoleTid],
	[t1].[LastLoginTime],
	[t1].[UserAgent],
	[t1].[CreateRoleName],
	[t1].[CreateUser] as [CreateUser1],
	[t1].[Indx],
	[t1].[DeptNo]
FROM
	[system_users] [t1]
WHERE
	True = [t1].[IsActive] AND [t1].[Eid] = hikaruchiu

Server：192.168.11.41,DB名稱：PJW, 執行時間：146豪秒
#####################################################

            [Tags]
                 {Key:method,Value:OnCustomerTraceConnection}
 
[10:37:39.7171][Infrastructure.Logging.LogHelper][Info] - SQLSELECT TOP (1)
	[t2].[Tid],
	[t2].[DataChangeLastTime],
	[t2].[IsActive],
	[t2].[Eid],
	[t2].[UserName],
	[t2].[Pwd],
	[t2].[Email],
	[t2].[Phone],
	[t2].[LoginIp],
	[t2].[MenuRights],
	[t2].[RoleTid],
	[t2].[LastLoginTime],
	[t2].[UserAgent],
	[t2].[CreateRoleName],
	[t2].[CreateUser] as [CreateUser1],
	[t2].[Indx],
	[t2].[DeptNo],
	[t1].[DataChangeLastTime] as [DataChangeLastTime1],
	[t1].[RoleName],
	[t1].[Description],
	[t1].[IsActive] as [IsActive1],
	[t1].[MenuRights] as [MenuRights1],
	[t1].[Tid] as [Tid1],
	[t1].[ActionList],
	[t1].[CreateUser] as [CreateUser2],
	[t1].[CreateRoleTid]
FROM
	[system_users] [t2]
		LEFT JOIN [system_role] [t1] ON [t1].[Tid] = [t2].[RoleTid]
WHERE
	[t2].[Eid] = hikaruchiu

Server：192.168.11.41,DB名稱：PJW, 執行時間：4豪秒
#####################################################

            [Tags]
                 {Key:method,Value:OnCustomerTraceConnection}
 
[10:37:39.7576][Infrastructure.Logging.LogHelper][Info] - SQLUPDATE
	[t1]
SET
	[t1].[LoginIp] = ::1,
	[t1].[LastLoginTime] = 2021/10/8 上午 10:37:39,
	[t1].[UserAgent] = Mozilla/5.0 (Windows NT 10.0; Win64; x64) AppleWebKit/537.36 (KHTML, like Gecko) Chrome/94.0.4606.71 Safari/537.36
FROM
	[system_users] [t1]
WHERE
	[t1].[Eid] = hikaruchiu

Server：192.168.11.41,DB名稱：PJW, 執行時間：5豪秒
#####################################################

            [Tags]
                 {Key:method,Value:OnCustomerTraceConnection}
 
[10:37:39.8973][Infrastructure.Logging.LogHelper][Info] - SQLSELECT TOP (1)
	[t1].[Tid],
	[t1].[DataChangeLastTime],
	[t1].[IsActive],
	[t1].[Eid],
	[t1].[UserName],
	[t1].[Pwd],
	[t1].[Email],
	[t1].[Phone],
	[t1].[LoginIp],
	[t1].[MenuRights],
	[t1].[RoleTid],
	[t1].[LastLoginTime],
	[t1].[UserAgent],
	[t1].[CreateRoleName],
	[t1].[CreateUser] as [CreateUser1],
	[t1].[Indx],
	[t1].[DeptNo]
FROM
	[system_users] [t1]
WHERE
	[t1].[Eid] = hikaruchiu

Server：192.168.11.41,DB名稱：PJW, 執行時間：1豪秒
#####################################################

            [Tags]
                 {Key:method,Value:OnCustomerTraceConnection}
 
[10:37:39.9172][Infrastructure.Logging.LogHelper][Info] - SQLSELECT TOP (1)
	[t1].[Tid],
	[t1].[DataChangeLastTime],
	[t1].[IsActive],
	[t1].[ParentTid],
	[t1].[Name],
	[t1].[Ico],
	[t1].[Url],
	[t1].[OrderRule],
	[t1].[Level] as [Level1],
	[t1].[Class] as [Class1]
FROM
	[system_menu] [t1]
WHERE
	[t1].[Url] = ~/Admin/Home/Index

Server：192.168.11.41,DB名稱：PJW, 執行時間：1豪秒
#####################################################

            [Tags]
                 {Key:method,Value:OnCustomerTraceConnection}
 
[10:37:39.9631][Infrastructure.Logging.LogHelper][Info] - SQLSELECT TOP (1)
	[t1].[Tid],
	[t1].[DataChangeLastTime],
	[t1].[IsActive],
	[t1].[Eid],
	[t1].[UserName],
	[t1].[Pwd],
	[t1].[Email],
	[t1].[Phone],
	[t1].[LoginIp],
	[t1].[MenuRights],
	[t1].[RoleTid],
	[t1].[LastLoginTime],
	[t1].[UserAgent],
	[t1].[CreateRoleName],
	[t1].[CreateUser] as [CreateUser1],
	[t1].[Indx],
	[t1].[DeptNo]
FROM
	[system_users] [t1]
WHERE
	[t1].[Eid] = hikaruchiu

Server：192.168.11.41,DB名稱：PJW, 執行時間：1豪秒
#####################################################

            [Tags]
                 {Key:method,Value:OnCustomerTraceConnection}
 
[10:37:39.9947][Infrastructure.Logging.LogHelper][Info] - SQLSELECT
	[t1].[Class] as [Class1],
	[t1].[Ico],
	[t1].[IsActive],
	[t1].[Level] as [Level1],
	[t1].[Name],
	[t1].[OrderRule],
	[t1].[ParentTid],
	[t1].[Tid],
	[t1].[Url]
FROM
	[system_menu] [t1]
WHERE
	True = [t1].[IsActive]

Server：192.168.11.41,DB名稱：PJW, 執行時間：1豪秒
#####################################################

            [Tags]
                 {Key:method,Value:OnCustomerTraceConnection}
 
[10:43:54.4716][Infrastructure.Logging.LogHelper][Info] - SQLSELECT TOP (1)
	[t1].[Tid],
	[t1].[DataChangeLastTime],
	[t1].[IsActive],
	[t1].[Eid],
	[t1].[UserName],
	[t1].[Pwd],
	[t1].[Email],
	[t1].[Phone],
	[t1].[LoginIp],
	[t1].[MenuRights],
	[t1].[RoleTid],
	[t1].[LastLoginTime],
	[t1].[UserAgent],
	[t1].[CreateRoleName],
	[t1].[CreateUser] as [CreateUser1],
	[t1].[Indx],
	[t1].[DeptNo]
FROM
	[system_users] [t1]
WHERE
	[t1].[Eid] = hikaruchiu

Server：192.168.11.41,DB名稱：PJW, 執行時間：2豪秒
#####################################################

            [Tags]
                 {Key:method,Value:OnCustomerTraceConnection}
 
[10:43:54.4716][Infrastructure.Logging.LogHelper][Info] - SQLSELECT TOP (1)
	[t1].[Tid],
	[t1].[DataChangeLastTime],
	[t1].[IsActive],
	[t1].[ParentTid],
	[t1].[Name],
	[t1].[Ico],
	[t1].[Url],
	[t1].[OrderRule],
	[t1].[Level] as [Level1],
	[t1].[Class] as [Class1]
FROM
	[system_menu] [t1]
WHERE
	[t1].[Url] = ~/Admin/Home/Index

Server：192.168.11.41,DB名稱：PJW, 執行時間：1豪秒
#####################################################

            [Tags]
                 {Key:method,Value:OnCustomerTraceConnection}
 
[10:43:54.4849][Infrastructure.Logging.LogHelper][Info] - SQLSELECT TOP (1)
	[t1].[Tid],
	[t1].[DataChangeLastTime],
	[t1].[IsActive],
	[t1].[Eid],
	[t1].[UserName],
	[t1].[Pwd],
	[t1].[Email],
	[t1].[Phone],
	[t1].[LoginIp],
	[t1].[MenuRights],
	[t1].[RoleTid],
	[t1].[LastLoginTime],
	[t1].[UserAgent],
	[t1].[CreateRoleName],
	[t1].[CreateUser] as [CreateUser1],
	[t1].[Indx],
	[t1].[DeptNo]
FROM
	[system_users] [t1]
WHERE
	[t1].[Eid] = hikaruchiu

Server：192.168.11.41,DB名稱：PJW, 執行時間：0豪秒
#####################################################

            [Tags]
                 {Key:method,Value:OnCustomerTraceConnection}
 
[10:43:54.4849][Infrastructure.Logging.LogHelper][Info] - SQLSELECT
	[t1].[Class] as [Class1],
	[t1].[Ico],
	[t1].[IsActive],
	[t1].[Level] as [Level1],
	[t1].[Name],
	[t1].[OrderRule],
	[t1].[ParentTid],
	[t1].[Tid],
	[t1].[Url]
FROM
	[system_menu] [t1]
WHERE
	True = [t1].[IsActive]

Server：192.168.11.41,DB名稱：PJW, 執行時間：0豪秒
#####################################################

            [Tags]
                 {Key:method,Value:OnCustomerTraceConnection}
 
[11:32:36.3608][PJW.Web.Program][Debug] - init main 
[11:32:38.8962][Infrastructure.Logging.LogHelper][Info] - SQLSELECT TOP (1)
	[t1].[Tid],
	[t1].[DataChangeLastTime],
	[t1].[IsActive],
	[t1].[Eid],
	[t1].[UserName],
	[t1].[Pwd],
	[t1].[Email],
	[t1].[Phone],
	[t1].[LoginIp],
	[t1].[MenuRights],
	[t1].[RoleTid],
	[t1].[LastLoginTime],
	[t1].[UserAgent],
	[t1].[CreateRoleName],
	[t1].[CreateUser] as [CreateUser1],
	[t1].[Indx],
	[t1].[DeptNo]
FROM
	[system_users] [t1]
WHERE
	[t1].[Eid] = hikaruchiu

Server：192.168.11.41,DB名稱：PJW, 執行時間：154豪秒
#####################################################

            [Tags]
                 {Key:method,Value:OnCustomerTraceConnection}
 
[11:32:38.9823][Infrastructure.Logging.LogHelper][Info] - SQLSELECT TOP (1)
	[t1].[Tid],
	[t1].[DataChangeLastTime],
	[t1].[IsActive],
	[t1].[ParentTid],
	[t1].[Name],
	[t1].[Ico],
	[t1].[Url],
	[t1].[OrderRule],
	[t1].[Level] as [Level1],
	[t1].[Class] as [Class1]
FROM
	[system_menu] [t1]
WHERE
	[t1].[Url] = ~/Admin/Home/Index

Server：192.168.11.41,DB名稱：PJW, 執行時間：4豪秒
#####################################################

            [Tags]
                 {Key:method,Value:OnCustomerTraceConnection}
 
[11:32:39.1774][Infrastructure.Logging.LogHelper][Info] - SQLSELECT TOP (1)
	[t1].[Tid],
	[t1].[DataChangeLastTime],
	[t1].[IsActive],
	[t1].[Eid],
	[t1].[UserName],
	[t1].[Pwd],
	[t1].[Email],
	[t1].[Phone],
	[t1].[LoginIp],
	[t1].[MenuRights],
	[t1].[RoleTid],
	[t1].[LastLoginTime],
	[t1].[UserAgent],
	[t1].[CreateRoleName],
	[t1].[CreateUser] as [CreateUser1],
	[t1].[Indx],
	[t1].[DeptNo]
FROM
	[system_users] [t1]
WHERE
	[t1].[Eid] = hikaruchiu

Server：192.168.11.41,DB名稱：PJW, 執行時間：1豪秒
#####################################################

            [Tags]
                 {Key:method,Value:OnCustomerTraceConnection}
 
[11:32:39.2309][Infrastructure.Logging.LogHelper][Info] - SQLSELECT
	[t1].[Class] as [Class1],
	[t1].[Ico],
	[t1].[IsActive],
	[t1].[Level] as [Level1],
	[t1].[Name],
	[t1].[OrderRule],
	[t1].[ParentTid],
	[t1].[Tid],
	[t1].[Url]
FROM
	[system_menu] [t1]
WHERE
	True = [t1].[IsActive]

Server：192.168.11.41,DB名稱：PJW, 執行時間：1豪秒
#####################################################

            [Tags]
                 {Key:method,Value:OnCustomerTraceConnection}
 
[11:41:11.2689][PJW.Web.Program][Debug] - init main 
[11:41:13.9839][Infrastructure.Logging.LogHelper][Info] - SQLSELECT TOP (1)
	[t1].[Tid],
	[t1].[DataChangeLastTime],
	[t1].[IsActive],
	[t1].[Eid],
	[t1].[UserName],
	[t1].[Pwd],
	[t1].[Email],
	[t1].[Phone],
	[t1].[LoginIp],
	[t1].[MenuRights],
	[t1].[RoleTid],
	[t1].[LastLoginTime],
	[t1].[UserAgent],
	[t1].[CreateRoleName],
	[t1].[CreateUser] as [CreateUser1],
	[t1].[Indx],
	[t1].[DeptNo]
FROM
	[system_users] [t1]
WHERE
	[t1].[Eid] = hikaruchiu

Server：192.168.11.41,DB名稱：PJW, 執行時間：126豪秒
#####################################################

            [Tags]
                 {Key:method,Value:OnCustomerTraceConnection}
 
[11:41:14.0469][Infrastructure.Logging.LogHelper][Info] - SQLSELECT TOP (1)
	[t1].[Tid],
	[t1].[DataChangeLastTime],
	[t1].[IsActive],
	[t1].[ParentTid],
	[t1].[Name],
	[t1].[Ico],
	[t1].[Url],
	[t1].[OrderRule],
	[t1].[Level] as [Level1],
	[t1].[Class] as [Class1]
FROM
	[system_menu] [t1]
WHERE
	[t1].[Url] = ~/Admin/Home/Index

Server：192.168.11.41,DB名稱：PJW, 執行時間：3豪秒
#####################################################

            [Tags]
                 {Key:method,Value:OnCustomerTraceConnection}
 
[11:41:14.2124][Infrastructure.Logging.LogHelper][Info] - SQLSELECT TOP (1)
	[t1].[Tid],
	[t1].[DataChangeLastTime],
	[t1].[IsActive],
	[t1].[Eid],
	[t1].[UserName],
	[t1].[Pwd],
	[t1].[Email],
	[t1].[Phone],
	[t1].[LoginIp],
	[t1].[MenuRights],
	[t1].[RoleTid],
	[t1].[LastLoginTime],
	[t1].[UserAgent],
	[t1].[CreateRoleName],
	[t1].[CreateUser] as [CreateUser1],
	[t1].[Indx],
	[t1].[DeptNo]
FROM
	[system_users] [t1]
WHERE
	[t1].[Eid] = hikaruchiu

Server：192.168.11.41,DB名稱：PJW, 執行時間：1豪秒
#####################################################

            [Tags]
                 {Key:method,Value:OnCustomerTraceConnection}
 
[11:41:14.2708][Infrastructure.Logging.LogHelper][Info] - SQLSELECT
	[t1].[Class] as [Class1],
	[t1].[Ico],
	[t1].[IsActive],
	[t1].[Level] as [Level1],
	[t1].[Name],
	[t1].[OrderRule],
	[t1].[ParentTid],
	[t1].[Tid],
	[t1].[Url]
FROM
	[system_menu] [t1]
WHERE
	True = [t1].[IsActive]

Server：192.168.11.41,DB名稱：PJW, 執行時間：1豪秒
#####################################################

            [Tags]
                 {Key:method,Value:OnCustomerTraceConnection}
 
[11:42:19.6943][Infrastructure.Logging.LogHelper][Info] - SQLSELECT TOP (1)
	[t1].[Tid],
	[t1].[DataChangeLastTime],
	[t1].[IsActive],
	[t1].[Eid],
	[t1].[UserName],
	[t1].[Pwd],
	[t1].[Email],
	[t1].[Phone],
	[t1].[LoginIp],
	[t1].[MenuRights],
	[t1].[RoleTid],
	[t1].[LastLoginTime],
	[t1].[UserAgent],
	[t1].[CreateRoleName],
	[t1].[CreateUser] as [CreateUser1],
	[t1].[Indx],
	[t1].[DeptNo]
FROM
	[system_users] [t1]
WHERE
	[t1].[Eid] = hikaruchiu

Server：192.168.11.41,DB名稱：PJW, 執行時間：1豪秒
#####################################################

            [Tags]
                 {Key:method,Value:OnCustomerTraceConnection}
 
[11:42:19.6943][Infrastructure.Logging.LogHelper][Info] - SQLSELECT TOP (1)
	[t1].[Tid],
	[t1].[DataChangeLastTime],
	[t1].[IsActive],
	[t1].[ParentTid],
	[t1].[Name],
	[t1].[Ico],
	[t1].[Url],
	[t1].[OrderRule],
	[t1].[Level] as [Level1],
	[t1].[Class] as [Class1]
FROM
	[system_menu] [t1]
WHERE
	[t1].[Url] = ~/Admin/Home/Index

Server：192.168.11.41,DB名稱：PJW, 執行時間：0豪秒
#####################################################

            [Tags]
                 {Key:method,Value:OnCustomerTraceConnection}
 
[11:42:19.7032][Infrastructure.Logging.LogHelper][Info] - SQLSELECT TOP (1)
	[t1].[Tid],
	[t1].[DataChangeLastTime],
	[t1].[IsActive],
	[t1].[Eid],
	[t1].[UserName],
	[t1].[Pwd],
	[t1].[Email],
	[t1].[Phone],
	[t1].[LoginIp],
	[t1].[MenuRights],
	[t1].[RoleTid],
	[t1].[LastLoginTime],
	[t1].[UserAgent],
	[t1].[CreateRoleName],
	[t1].[CreateUser] as [CreateUser1],
	[t1].[Indx],
	[t1].[DeptNo]
FROM
	[system_users] [t1]
WHERE
	[t1].[Eid] = hikaruchiu

Server：192.168.11.41,DB名稱：PJW, 執行時間：0豪秒
#####################################################

            [Tags]
                 {Key:method,Value:OnCustomerTraceConnection}
 
[11:42:19.7032][Infrastructure.Logging.LogHelper][Info] - SQLSELECT
	[t1].[Class] as [Class1],
	[t1].[Ico],
	[t1].[IsActive],
	[t1].[Level] as [Level1],
	[t1].[Name],
	[t1].[OrderRule],
	[t1].[ParentTid],
	[t1].[Tid],
	[t1].[Url]
FROM
	[system_menu] [t1]
WHERE
	True = [t1].[IsActive]

Server：192.168.11.41,DB名稱：PJW, 執行時間：1豪秒
#####################################################

            [Tags]
                 {Key:method,Value:OnCustomerTraceConnection}
 
[11:54:45.5282][Infrastructure.Logging.LogHelper][Info] - SQLSELECT TOP (1)
	[t1].[Tid],
	[t1].[DataChangeLastTime],
	[t1].[IsActive],
	[t1].[Eid],
	[t1].[UserName],
	[t1].[Pwd],
	[t1].[Email],
	[t1].[Phone],
	[t1].[LoginIp],
	[t1].[MenuRights],
	[t1].[RoleTid],
	[t1].[LastLoginTime],
	[t1].[UserAgent],
	[t1].[CreateRoleName],
	[t1].[CreateUser] as [CreateUser1],
	[t1].[Indx],
	[t1].[DeptNo]
FROM
	[system_users] [t1]
WHERE
	[t1].[Eid] = hikaruchiu

Server：192.168.11.41,DB名稱：PJW, 執行時間：11豪秒
#####################################################

            [Tags]
                 {Key:method,Value:OnCustomerTraceConnection}
 
[11:54:45.5335][Infrastructure.Logging.LogHelper][Info] - SQLSELECT TOP (1)
	[t1].[Tid],
	[t1].[DataChangeLastTime],
	[t1].[IsActive],
	[t1].[ParentTid],
	[t1].[Name],
	[t1].[Ico],
	[t1].[Url],
	[t1].[OrderRule],
	[t1].[Level] as [Level1],
	[t1].[Class] as [Class1]
FROM
	[system_menu] [t1]
WHERE
	[t1].[Url] = ~/Admin/Home/Index

Server：192.168.11.41,DB名稱：PJW, 執行時間：1豪秒
#####################################################

            [Tags]
                 {Key:method,Value:OnCustomerTraceConnection}
 
[11:54:45.5485][Infrastructure.Logging.LogHelper][Info] - SQLSELECT TOP (1)
	[t1].[Tid],
	[t1].[DataChangeLastTime],
	[t1].[IsActive],
	[t1].[Eid],
	[t1].[UserName],
	[t1].[Pwd],
	[t1].[Email],
	[t1].[Phone],
	[t1].[LoginIp],
	[t1].[MenuRights],
	[t1].[RoleTid],
	[t1].[LastLoginTime],
	[t1].[UserAgent],
	[t1].[CreateRoleName],
	[t1].[CreateUser] as [CreateUser1],
	[t1].[Indx],
	[t1].[DeptNo]
FROM
	[system_users] [t1]
WHERE
	[t1].[Eid] = hikaruchiu

Server：192.168.11.41,DB名稱：PJW, 執行時間：3豪秒
#####################################################

            [Tags]
                 {Key:method,Value:OnCustomerTraceConnection}
 
[11:54:45.5485][Infrastructure.Logging.LogHelper][Info] - SQLSELECT
	[t1].[Class] as [Class1],
	[t1].[Ico],
	[t1].[IsActive],
	[t1].[Level] as [Level1],
	[t1].[Name],
	[t1].[OrderRule],
	[t1].[ParentTid],
	[t1].[Tid],
	[t1].[Url]
FROM
	[system_menu] [t1]
WHERE
	True = [t1].[IsActive]

Server：192.168.11.41,DB名稱：PJW, 執行時間：0豪秒
#####################################################

            [Tags]
                 {Key:method,Value:OnCustomerTraceConnection}
 
[11:56:25.0060][Infrastructure.Logging.LogHelper][Info] - SQLSELECT TOP (1)
	[t1].[Tid],
	[t1].[DataChangeLastTime],
	[t1].[IsActive],
	[t1].[Eid],
	[t1].[UserName],
	[t1].[Pwd],
	[t1].[Email],
	[t1].[Phone],
	[t1].[LoginIp],
	[t1].[MenuRights],
	[t1].[RoleTid],
	[t1].[LastLoginTime],
	[t1].[UserAgent],
	[t1].[CreateRoleName],
	[t1].[CreateUser] as [CreateUser1],
	[t1].[Indx],
	[t1].[DeptNo]
FROM
	[system_users] [t1]
WHERE
	[t1].[Eid] = hikaruchiu

Server：192.168.11.41,DB名稱：PJW, 執行時間：1豪秒
#####################################################

            [Tags]
                 {Key:method,Value:OnCustomerTraceConnection}
 
[11:56:25.0060][Infrastructure.Logging.LogHelper][Info] - SQLSELECT TOP (1)
	[t1].[Tid],
	[t1].[DataChangeLastTime],
	[t1].[IsActive],
	[t1].[ParentTid],
	[t1].[Name],
	[t1].[Ico],
	[t1].[Url],
	[t1].[OrderRule],
	[t1].[Level] as [Level1],
	[t1].[Class] as [Class1]
FROM
	[system_menu] [t1]
WHERE
	[t1].[Url] = ~/Admin/Home/Index

Server：192.168.11.41,DB名稱：PJW, 執行時間：0豪秒
#####################################################

            [Tags]
                 {Key:method,Value:OnCustomerTraceConnection}
 
[11:56:25.0446][Infrastructure.Logging.LogHelper][Info] - SQLSELECT TOP (1)
	[t1].[Tid],
	[t1].[DataChangeLastTime],
	[t1].[IsActive],
	[t1].[Eid],
	[t1].[UserName],
	[t1].[Pwd],
	[t1].[Email],
	[t1].[Phone],
	[t1].[LoginIp],
	[t1].[MenuRights],
	[t1].[RoleTid],
	[t1].[LastLoginTime],
	[t1].[UserAgent],
	[t1].[CreateRoleName],
	[t1].[CreateUser] as [CreateUser1],
	[t1].[Indx],
	[t1].[DeptNo]
FROM
	[system_users] [t1]
WHERE
	[t1].[Eid] = hikaruchiu

Server：192.168.11.41,DB名稱：PJW, 執行時間：1豪秒
#####################################################

            [Tags]
                 {Key:method,Value:OnCustomerTraceConnection}
 
[11:56:25.0506][Infrastructure.Logging.LogHelper][Info] - SQLSELECT
	[t1].[Class] as [Class1],
	[t1].[Ico],
	[t1].[IsActive],
	[t1].[Level] as [Level1],
	[t1].[Name],
	[t1].[OrderRule],
	[t1].[ParentTid],
	[t1].[Tid],
	[t1].[Url]
FROM
	[system_menu] [t1]
WHERE
	True = [t1].[IsActive]

Server：192.168.11.41,DB名稱：PJW, 執行時間：1豪秒
#####################################################

            [Tags]
                 {Key:method,Value:OnCustomerTraceConnection}
 
[11:58:26.8265][Infrastructure.Logging.LogHelper][Warn] - HandleAjaxRequestException
            [Tags]
                 {Key:method,Value:HandleAjaxRequestException}
 
System.Data.SqlClient.SqlException (0x80131904): 無效的物件名稱 'Internet.dbo.administration'。
   at System.Data.SqlClient.SqlCommand.<>c.<ExecuteDbDataReaderAsync>b__126_0(Task`1 result)
   at System.Threading.Tasks.ContinuationResultTaskFromResultTask`2.InnerInvoke()
   at System.Threading.ExecutionContext.RunInternal(ExecutionContext executionContext, ContextCallback callback, Object state)
--- End of stack trace from previous location ---
   at System.Threading.Tasks.Task.ExecuteWithThreadLocal(Task& currentTaskSlot, Thread threadPoolThread)
--- End of stack trace from previous location ---
   at Dapper.SqlMapper.QueryRowAsync[T](IDbConnection cnn, Row row, Type effectiveType, CommandDefinition command) in /_/Dapper/SqlMapper.Async.cs:line 473
   at PJW.Web.Controllers.WorkLogController.WorkLogFlow(WorkLogViewModel workLogModel) in C:\智擎科技\Git\PJW\PJW\Controllers\WorkLogController.cs:line 601
   at lambda_method797(Closure , Object )
   at Microsoft.AspNetCore.Mvc.Infrastructure.ActionMethodExecutor.TaskOfActionResultExecutor.Execute(IActionResultTypeMapper mapper, ObjectMethodExecutor executor, Object controller, Object[] arguments)
   at Microsoft.AspNetCore.Mvc.Infrastructure.ControllerActionInvoker.<InvokeActionMethodAsync>g__Awaited|12_0(ControllerActionInvoker invoker, ValueTask`1 actionResultValueTask)
   at Microsoft.AspNetCore.Mvc.Infrastructure.ControllerActionInvoker.<InvokeNextActionFilterAsync>g__Awaited|10_0(ControllerActionInvoker invoker, Task lastTask, State next, Scope scope, Object state, Boolean isCompleted)
   at Microsoft.AspNetCore.Mvc.Infrastructure.ControllerActionInvoker.Rethrow(ActionExecutedContextSealed context)
   at Microsoft.AspNetCore.Mvc.Infrastructure.ControllerActionInvoker.Next(State& next, Scope& scope, Object& state, Boolean& isCompleted)
   at Microsoft.AspNetCore.Mvc.Infrastructure.ControllerActionInvoker.<InvokeInnerFilterAsync>g__Awaited|13_0(ControllerActionInvoker invoker, Task lastTask, State next, Scope scope, Object state, Boolean isCompleted)
   at Microsoft.AspNetCore.Mvc.Infrastructure.ResourceInvoker.<InvokeNextExceptionFilterAsync>g__Awaited|25_0(ResourceInvoker invoker, Task lastTask, State next, Scope scope, Object state, Boolean isCompleted)
ClientConnectionId:18f84cce-d131-49cc-b137-6f0e02691a09
Error Number:208,State:1,Class:16
[11:59:13.8128][PJW.Web.Program][Debug] - init main 
[11:59:16.5183][Infrastructure.Logging.LogHelper][Info] - SQLSELECT TOP (1)
	[t1].[Tid],
	[t1].[DataChangeLastTime],
	[t1].[IsActive],
	[t1].[Eid],
	[t1].[UserName],
	[t1].[Pwd],
	[t1].[Email],
	[t1].[Phone],
	[t1].[LoginIp],
	[t1].[MenuRights],
	[t1].[RoleTid],
	[t1].[LastLoginTime],
	[t1].[UserAgent],
	[t1].[CreateRoleName],
	[t1].[CreateUser] as [CreateUser1],
	[t1].[Indx],
	[t1].[DeptNo]
FROM
	[system_users] [t1]
WHERE
	[t1].[Eid] = hikaruchiu

Server：192.168.11.41,DB名稱：PJW, 執行時間：148豪秒
#####################################################

            [Tags]
                 {Key:method,Value:OnCustomerTraceConnection}
 
[11:59:16.5766][Infrastructure.Logging.LogHelper][Info] - SQLSELECT TOP (1)
	[t1].[Tid],
	[t1].[DataChangeLastTime],
	[t1].[IsActive],
	[t1].[ParentTid],
	[t1].[Name],
	[t1].[Ico],
	[t1].[Url],
	[t1].[OrderRule],
	[t1].[Level] as [Level1],
	[t1].[Class] as [Class1]
FROM
	[system_menu] [t1]
WHERE
	[t1].[Url] = ~/Admin/Home/Index

Server：192.168.11.41,DB名稱：PJW, 執行時間：3豪秒
#####################################################

            [Tags]
                 {Key:method,Value:OnCustomerTraceConnection}
 
[11:59:16.7491][Infrastructure.Logging.LogHelper][Info] - SQLSELECT TOP (1)
	[t1].[Tid],
	[t1].[DataChangeLastTime],
	[t1].[IsActive],
	[t1].[Eid],
	[t1].[UserName],
	[t1].[Pwd],
	[t1].[Email],
	[t1].[Phone],
	[t1].[LoginIp],
	[t1].[MenuRights],
	[t1].[RoleTid],
	[t1].[LastLoginTime],
	[t1].[UserAgent],
	[t1].[CreateRoleName],
	[t1].[CreateUser] as [CreateUser1],
	[t1].[Indx],
	[t1].[DeptNo]
FROM
	[system_users] [t1]
WHERE
	[t1].[Eid] = hikaruchiu

Server：192.168.11.41,DB名稱：PJW, 執行時間：1豪秒
#####################################################

            [Tags]
                 {Key:method,Value:OnCustomerTraceConnection}
 
[11:59:16.7988][Infrastructure.Logging.LogHelper][Info] - SQLSELECT
	[t1].[Class] as [Class1],
	[t1].[Ico],
	[t1].[IsActive],
	[t1].[Level] as [Level1],
	[t1].[Name],
	[t1].[OrderRule],
	[t1].[ParentTid],
	[t1].[Tid],
	[t1].[Url]
FROM
	[system_menu] [t1]
WHERE
	True = [t1].[IsActive]

Server：192.168.11.41,DB名稱：PJW, 執行時間：1豪秒
#####################################################

            [Tags]
                 {Key:method,Value:OnCustomerTraceConnection}
 
[12:00:00.3393][Infrastructure.Logging.LogHelper][Warn] - HandleAjaxRequestException
            [Tags]
                 {Key:method,Value:HandleAjaxRequestException}
 
System.InvalidOperationException: Sequence contains no elements
   at System.Linq.ThrowHelper.ThrowNoElementsException()
   at System.Linq.Enumerable.First[TSource](IEnumerable`1 source)
   at Dapper.SqlMapper.ThrowZeroRows(Row row) in /_/Dapper/SqlMapper.cs:line 1153
   at Dapper.SqlMapper.QueryRowAsync[T](IDbConnection cnn, Row row, Type effectiveType, CommandDefinition command) in /_/Dapper/SqlMapper.Async.cs:line 487
   at PJW.Web.Controllers.WorkLogController.WorkLogFlow(WorkLogViewModel workLogModel) in C:\智擎科技\Git\PJW\PJW\Controllers\WorkLogController.cs:line 601
   at lambda_method780(Closure , Object )
   at Microsoft.AspNetCore.Mvc.Infrastructure.ActionMethodExecutor.TaskOfActionResultExecutor.Execute(IActionResultTypeMapper mapper, ObjectMethodExecutor executor, Object controller, Object[] arguments)
   at Microsoft.AspNetCore.Mvc.Infrastructure.ControllerActionInvoker.<InvokeActionMethodAsync>g__Awaited|12_0(ControllerActionInvoker invoker, ValueTask`1 actionResultValueTask)
   at Microsoft.AspNetCore.Mvc.Infrastructure.ControllerActionInvoker.<InvokeNextActionFilterAsync>g__Awaited|10_0(ControllerActionInvoker invoker, Task lastTask, State next, Scope scope, Object state, Boolean isCompleted)
   at Microsoft.AspNetCore.Mvc.Infrastructure.ControllerActionInvoker.Rethrow(ActionExecutedContextSealed context)
   at Microsoft.AspNetCore.Mvc.Infrastructure.ControllerActionInvoker.Next(State& next, Scope& scope, Object& state, Boolean& isCompleted)
   at Microsoft.AspNetCore.Mvc.Infrastructure.ControllerActionInvoker.<InvokeInnerFilterAsync>g__Awaited|13_0(ControllerActionInvoker invoker, Task lastTask, State next, Scope scope, Object state, Boolean isCompleted)
   at Microsoft.AspNetCore.Mvc.Infrastructure.ResourceInvoker.<InvokeNextExceptionFilterAsync>g__Awaited|25_0(ResourceInvoker invoker, Task lastTask, State next, Scope scope, Object state, Boolean isCompleted)
[12:00:42.5941][Infrastructure.Logging.LogHelper][Warn] - HandleAjaxRequestException
            [Tags]
                 {Key:method,Value:HandleAjaxRequestException}
 
System.InvalidOperationException: Sequence contains no elements
   at System.Linq.ThrowHelper.ThrowNoElementsException()
   at System.Linq.Enumerable.First[TSource](IEnumerable`1 source)
   at Dapper.SqlMapper.ThrowZeroRows(Row row) in /_/Dapper/SqlMapper.cs:line 1153
   at Dapper.SqlMapper.QueryRowAsync[T](IDbConnection cnn, Row row, Type effectiveType, CommandDefinition command) in /_/Dapper/SqlMapper.Async.cs:line 487
   at PJW.Web.Controllers.WorkLogController.WorkLogFlow(WorkLogViewModel workLogModel) in C:\智擎科技\Git\PJW\PJW\Controllers\WorkLogController.cs:line 601
   at lambda_method780(Closure , Object )
   at Microsoft.AspNetCore.Mvc.Infrastructure.ActionMethodExecutor.TaskOfActionResultExecutor.Execute(IActionResultTypeMapper mapper, ObjectMethodExecutor executor, Object controller, Object[] arguments)
   at Microsoft.AspNetCore.Mvc.Infrastructure.ControllerActionInvoker.<InvokeActionMethodAsync>g__Awaited|12_0(ControllerActionInvoker invoker, ValueTask`1 actionResultValueTask)
   at Microsoft.AspNetCore.Mvc.Infrastructure.ControllerActionInvoker.<InvokeNextActionFilterAsync>g__Awaited|10_0(ControllerActionInvoker invoker, Task lastTask, State next, Scope scope, Object state, Boolean isCompleted)
   at Microsoft.AspNetCore.Mvc.Infrastructure.ControllerActionInvoker.Rethrow(ActionExecutedContextSealed context)
   at Microsoft.AspNetCore.Mvc.Infrastructure.ControllerActionInvoker.Next(State& next, Scope& scope, Object& state, Boolean& isCompleted)
   at Microsoft.AspNetCore.Mvc.Infrastructure.ControllerActionInvoker.<InvokeInnerFilterAsync>g__Awaited|13_0(ControllerActionInvoker invoker, Task lastTask, State next, Scope scope, Object state, Boolean isCompleted)
   at Microsoft.AspNetCore.Mvc.Infrastructure.ResourceInvoker.<InvokeNextExceptionFilterAsync>g__Awaited|25_0(ResourceInvoker invoker, Task lastTask, State next, Scope scope, Object state, Boolean isCompleted)
[12:02:24.1066][PJW.Web.Program][Debug] - init main 
[12:02:26.6008][Infrastructure.Logging.LogHelper][Info] - SQLSELECT TOP (1)
	[t1].[Tid],
	[t1].[DataChangeLastTime],
	[t1].[IsActive],
	[t1].[Eid],
	[t1].[UserName],
	[t1].[Pwd],
	[t1].[Email],
	[t1].[Phone],
	[t1].[LoginIp],
	[t1].[MenuRights],
	[t1].[RoleTid],
	[t1].[LastLoginTime],
	[t1].[UserAgent],
	[t1].[CreateRoleName],
	[t1].[CreateUser] as [CreateUser1],
	[t1].[Indx],
	[t1].[DeptNo]
FROM
	[system_users] [t1]
WHERE
	[t1].[Eid] = hikaruchiu

Server：192.168.11.41,DB名稱：PJW, 執行時間：126豪秒
#####################################################

            [Tags]
                 {Key:method,Value:OnCustomerTraceConnection}
 
[12:02:26.6651][Infrastructure.Logging.LogHelper][Info] - SQLSELECT TOP (1)
	[t1].[Tid],
	[t1].[DataChangeLastTime],
	[t1].[IsActive],
	[t1].[ParentTid],
	[t1].[Name],
	[t1].[Ico],
	[t1].[Url],
	[t1].[OrderRule],
	[t1].[Level] as [Level1],
	[t1].[Class] as [Class1]
FROM
	[system_menu] [t1]
WHERE
	[t1].[Url] = ~/Admin/Home/Index

Server：192.168.11.41,DB名稱：PJW, 執行時間：3豪秒
#####################################################

            [Tags]
                 {Key:method,Value:OnCustomerTraceConnection}
 
[12:02:26.8139][Infrastructure.Logging.LogHelper][Info] - SQLSELECT TOP (1)
	[t1].[Tid],
	[t1].[DataChangeLastTime],
	[t1].[IsActive],
	[t1].[Eid],
	[t1].[UserName],
	[t1].[Pwd],
	[t1].[Email],
	[t1].[Phone],
	[t1].[LoginIp],
	[t1].[MenuRights],
	[t1].[RoleTid],
	[t1].[LastLoginTime],
	[t1].[UserAgent],
	[t1].[CreateRoleName],
	[t1].[CreateUser] as [CreateUser1],
	[t1].[Indx],
	[t1].[DeptNo]
FROM
	[system_users] [t1]
WHERE
	[t1].[Eid] = hikaruchiu

Server：192.168.11.41,DB名稱：PJW, 執行時間：1豪秒
#####################################################

            [Tags]
                 {Key:method,Value:OnCustomerTraceConnection}
 
[12:02:26.8588][Infrastructure.Logging.LogHelper][Info] - SQLSELECT
	[t1].[Class] as [Class1],
	[t1].[Ico],
	[t1].[IsActive],
	[t1].[Level] as [Level1],
	[t1].[Name],
	[t1].[OrderRule],
	[t1].[ParentTid],
	[t1].[Tid],
	[t1].[Url]
FROM
	[system_menu] [t1]
WHERE
	True = [t1].[IsActive]

Server：192.168.11.41,DB名稱：PJW, 執行時間：1豪秒
#####################################################

            [Tags]
                 {Key:method,Value:OnCustomerTraceConnection}
 
[12:03:58.8428][Infrastructure.Logging.LogHelper][Warn] - HandleAjaxRequestException
            [Tags]
                 {Key:method,Value:HandleAjaxRequestException}
 
System.InvalidOperationException: Sequence contains no elements
   at System.Linq.ThrowHelper.ThrowNoElementsException()
   at System.Linq.Enumerable.Single[TSource](IEnumerable`1 source)
   at Dapper.SqlMapper.ThrowZeroRows(Row row) in /_/Dapper/SqlMapper.cs:line 1154
   at Dapper.SqlMapper.QueryRowAsync[T](IDbConnection cnn, Row row, Type effectiveType, CommandDefinition command) in /_/Dapper/SqlMapper.Async.cs:line 487
   at PJW.Web.Controllers.WorkLogController.WorkLogFlow(WorkLogViewModel workLogModel) in C:\智擎科技\Git\PJW\PJW\Controllers\WorkLogController.cs:line 601
   at lambda_method780(Closure , Object )
   at Microsoft.AspNetCore.Mvc.Infrastructure.ActionMethodExecutor.TaskOfActionResultExecutor.Execute(IActionResultTypeMapper mapper, ObjectMethodExecutor executor, Object controller, Object[] arguments)
   at Microsoft.AspNetCore.Mvc.Infrastructure.ControllerActionInvoker.<InvokeActionMethodAsync>g__Awaited|12_0(ControllerActionInvoker invoker, ValueTask`1 actionResultValueTask)
   at Microsoft.AspNetCore.Mvc.Infrastructure.ControllerActionInvoker.<InvokeNextActionFilterAsync>g__Awaited|10_0(ControllerActionInvoker invoker, Task lastTask, State next, Scope scope, Object state, Boolean isCompleted)
   at Microsoft.AspNetCore.Mvc.Infrastructure.ControllerActionInvoker.Rethrow(ActionExecutedContextSealed context)
   at Microsoft.AspNetCore.Mvc.Infrastructure.ControllerActionInvoker.Next(State& next, Scope& scope, Object& state, Boolean& isCompleted)
   at Microsoft.AspNetCore.Mvc.Infrastructure.ControllerActionInvoker.<InvokeInnerFilterAsync>g__Awaited|13_0(ControllerActionInvoker invoker, Task lastTask, State next, Scope scope, Object state, Boolean isCompleted)
   at Microsoft.AspNetCore.Mvc.Infrastructure.ResourceInvoker.<InvokeNextExceptionFilterAsync>g__Awaited|25_0(ResourceInvoker invoker, Task lastTask, State next, Scope scope, Object state, Boolean isCompleted)
[12:05:18.7242][PJW.Web.Program][Debug] - init main 
[12:05:21.2563][Infrastructure.Logging.LogHelper][Info] - SQLSELECT TOP (1)
	[t1].[Tid],
	[t1].[DataChangeLastTime],
	[t1].[IsActive],
	[t1].[Eid],
	[t1].[UserName],
	[t1].[Pwd],
	[t1].[Email],
	[t1].[Phone],
	[t1].[LoginIp],
	[t1].[MenuRights],
	[t1].[RoleTid],
	[t1].[LastLoginTime],
	[t1].[UserAgent],
	[t1].[CreateRoleName],
	[t1].[CreateUser] as [CreateUser1],
	[t1].[Indx],
	[t1].[DeptNo]
FROM
	[system_users] [t1]
WHERE
	[t1].[Eid] = hikaruchiu

Server：192.168.11.41,DB名稱：PJW, 執行時間：140豪秒
#####################################################

            [Tags]
                 {Key:method,Value:OnCustomerTraceConnection}
 
[12:05:21.3203][Infrastructure.Logging.LogHelper][Info] - SQLSELECT TOP (1)
	[t1].[Tid],
	[t1].[DataChangeLastTime],
	[t1].[IsActive],
	[t1].[ParentTid],
	[t1].[Name],
	[t1].[Ico],
	[t1].[Url],
	[t1].[OrderRule],
	[t1].[Level] as [Level1],
	[t1].[Class] as [Class1]
FROM
	[system_menu] [t1]
WHERE
	[t1].[Url] = ~/Admin/Home/Index

Server：192.168.11.41,DB名稱：PJW, 執行時間：3豪秒
#####################################################

            [Tags]
                 {Key:method,Value:OnCustomerTraceConnection}
 
[12:05:21.4733][Infrastructure.Logging.LogHelper][Info] - SQLSELECT TOP (1)
	[t1].[Tid],
	[t1].[DataChangeLastTime],
	[t1].[IsActive],
	[t1].[Eid],
	[t1].[UserName],
	[t1].[Pwd],
	[t1].[Email],
	[t1].[Phone],
	[t1].[LoginIp],
	[t1].[MenuRights],
	[t1].[RoleTid],
	[t1].[LastLoginTime],
	[t1].[UserAgent],
	[t1].[CreateRoleName],
	[t1].[CreateUser] as [CreateUser1],
	[t1].[Indx],
	[t1].[DeptNo]
FROM
	[system_users] [t1]
WHERE
	[t1].[Eid] = hikaruchiu

Server：192.168.11.41,DB名稱：PJW, 執行時間：1豪秒
#####################################################

            [Tags]
                 {Key:method,Value:OnCustomerTraceConnection}
 
[12:05:21.5255][Infrastructure.Logging.LogHelper][Info] - SQLSELECT
	[t1].[Class] as [Class1],
	[t1].[Ico],
	[t1].[IsActive],
	[t1].[Level] as [Level1],
	[t1].[Name],
	[t1].[OrderRule],
	[t1].[ParentTid],
	[t1].[Tid],
	[t1].[Url]
FROM
	[system_menu] [t1]
WHERE
	True = [t1].[IsActive]

Server：192.168.11.41,DB名稱：PJW, 執行時間：1豪秒
#####################################################

            [Tags]
                 {Key:method,Value:OnCustomerTraceConnection}
 
[13:33:56.3569][PJW.Web.Program][Debug] - init main 
[13:33:59.0243][Infrastructure.Logging.LogHelper][Info] - SQLSELECT TOP (1)
	[t1].[Tid],
	[t1].[DataChangeLastTime],
	[t1].[IsActive],
	[t1].[Eid],
	[t1].[UserName],
	[t1].[Pwd],
	[t1].[Email],
	[t1].[Phone],
	[t1].[LoginIp],
	[t1].[MenuRights],
	[t1].[RoleTid],
	[t1].[LastLoginTime],
	[t1].[UserAgent],
	[t1].[CreateRoleName],
	[t1].[CreateUser] as [CreateUser1],
	[t1].[Indx],
	[t1].[DeptNo]
FROM
	[system_users] [t1]
WHERE
	[t1].[Eid] = hikaruchiu

Server：192.168.11.41,DB名稱：PJW, 執行時間：145豪秒
#####################################################

            [Tags]
                 {Key:method,Value:OnCustomerTraceConnection}
 
[13:33:59.0828][Infrastructure.Logging.LogHelper][Info] - SQLSELECT TOP (1)
	[t1].[Tid],
	[t1].[DataChangeLastTime],
	[t1].[IsActive],
	[t1].[ParentTid],
	[t1].[Name],
	[t1].[Ico],
	[t1].[Url],
	[t1].[OrderRule],
	[t1].[Level] as [Level1],
	[t1].[Class] as [Class1]
FROM
	[system_menu] [t1]
WHERE
	[t1].[Url] = ~/Admin/Home/Index

Server：192.168.11.41,DB名稱：PJW, 執行時間：3豪秒
#####################################################

            [Tags]
                 {Key:method,Value:OnCustomerTraceConnection}
 
[13:33:59.2462][Infrastructure.Logging.LogHelper][Info] - SQLSELECT TOP (1)
	[t1].[Tid],
	[t1].[DataChangeLastTime],
	[t1].[IsActive],
	[t1].[Eid],
	[t1].[UserName],
	[t1].[Pwd],
	[t1].[Email],
	[t1].[Phone],
	[t1].[LoginIp],
	[t1].[MenuRights],
	[t1].[RoleTid],
	[t1].[LastLoginTime],
	[t1].[UserAgent],
	[t1].[CreateRoleName],
	[t1].[CreateUser] as [CreateUser1],
	[t1].[Indx],
	[t1].[DeptNo]
FROM
	[system_users] [t1]
WHERE
	[t1].[Eid] = hikaruchiu

Server：192.168.11.41,DB名稱：PJW, 執行時間：1豪秒
#####################################################

            [Tags]
                 {Key:method,Value:OnCustomerTraceConnection}
 
[13:33:59.2963][Infrastructure.Logging.LogHelper][Info] - SQLSELECT
	[t1].[Class] as [Class1],
	[t1].[Ico],
	[t1].[IsActive],
	[t1].[Level] as [Level1],
	[t1].[Name],
	[t1].[OrderRule],
	[t1].[ParentTid],
	[t1].[Tid],
	[t1].[Url]
FROM
	[system_menu] [t1]
WHERE
	True = [t1].[IsActive]

Server：192.168.11.41,DB名稱：PJW, 執行時間：1豪秒
#####################################################

            [Tags]
                 {Key:method,Value:OnCustomerTraceConnection}
 
[13:39:28.0149][PJW.Web.Program][Debug] - init main 
[13:39:30.7066][Infrastructure.Logging.LogHelper][Info] - SQLSELECT TOP (1)
	[t1].[Tid],
	[t1].[DataChangeLastTime],
	[t1].[IsActive],
	[t1].[Eid],
	[t1].[UserName],
	[t1].[Pwd],
	[t1].[Email],
	[t1].[Phone],
	[t1].[LoginIp],
	[t1].[MenuRights],
	[t1].[RoleTid],
	[t1].[LastLoginTime],
	[t1].[UserAgent],
	[t1].[CreateRoleName],
	[t1].[CreateUser] as [CreateUser1],
	[t1].[Indx],
	[t1].[DeptNo]
FROM
	[system_users] [t1]
WHERE
	[t1].[Eid] = hikaruchiu

Server：192.168.11.41,DB名稱：PJW, 執行時間：151豪秒
#####################################################

            [Tags]
                 {Key:method,Value:OnCustomerTraceConnection}
 
[13:39:30.7746][Infrastructure.Logging.LogHelper][Info] - SQLSELECT TOP (1)
	[t1].[Tid],
	[t1].[DataChangeLastTime],
	[t1].[IsActive],
	[t1].[ParentTid],
	[t1].[Name],
	[t1].[Ico],
	[t1].[Url],
	[t1].[OrderRule],
	[t1].[Level] as [Level1],
	[t1].[Class] as [Class1]
FROM
	[system_menu] [t1]
WHERE
	[t1].[Url] = ~/Admin/Home/Index

Server：192.168.11.41,DB名稱：PJW, 執行時間：3豪秒
#####################################################

            [Tags]
                 {Key:method,Value:OnCustomerTraceConnection}
 
[13:39:30.9737][Infrastructure.Logging.LogHelper][Info] - SQLSELECT TOP (1)
	[t1].[Tid],
	[t1].[DataChangeLastTime],
	[t1].[IsActive],
	[t1].[Eid],
	[t1].[UserName],
	[t1].[Pwd],
	[t1].[Email],
	[t1].[Phone],
	[t1].[LoginIp],
	[t1].[MenuRights],
	[t1].[RoleTid],
	[t1].[LastLoginTime],
	[t1].[UserAgent],
	[t1].[CreateRoleName],
	[t1].[CreateUser] as [CreateUser1],
	[t1].[Indx],
	[t1].[DeptNo]
FROM
	[system_users] [t1]
WHERE
	[t1].[Eid] = hikaruchiu

Server：192.168.11.41,DB名稱：PJW, 執行時間：1豪秒
#####################################################

            [Tags]
                 {Key:method,Value:OnCustomerTraceConnection}
 
[13:39:31.0265][Infrastructure.Logging.LogHelper][Info] - SQLSELECT
	[t1].[Class] as [Class1],
	[t1].[Ico],
	[t1].[IsActive],
	[t1].[Level] as [Level1],
	[t1].[Name],
	[t1].[OrderRule],
	[t1].[ParentTid],
	[t1].[Tid],
	[t1].[Url]
FROM
	[system_menu] [t1]
WHERE
	True = [t1].[IsActive]

Server：192.168.11.41,DB名稱：PJW, 執行時間：1豪秒
#####################################################

            [Tags]
                 {Key:method,Value:OnCustomerTraceConnection}
 
[13:51:51.1244][PJW.Web.Program][Debug] - init main 
[13:51:54.5947][Infrastructure.Logging.LogHelper][Info] - SQLSELECT TOP (1)
	[t1].[Tid],
	[t1].[DataChangeLastTime],
	[t1].[IsActive],
	[t1].[Eid],
	[t1].[UserName],
	[t1].[Pwd],
	[t1].[Email],
	[t1].[Phone],
	[t1].[LoginIp],
	[t1].[MenuRights],
	[t1].[RoleTid],
	[t1].[LastLoginTime],
	[t1].[UserAgent],
	[t1].[CreateRoleName],
	[t1].[CreateUser] as [CreateUser1],
	[t1].[Indx],
	[t1].[DeptNo]
FROM
	[system_users] [t1]
WHERE
	[t1].[Eid] = hikaruchiu

Server：192.168.11.41,DB名稱：PJW, 執行時間：146豪秒
#####################################################

            [Tags]
                 {Key:method,Value:OnCustomerTraceConnection}
 
[13:51:54.6502][Infrastructure.Logging.LogHelper][Info] - SQLSELECT TOP (1)
	[t1].[Tid],
	[t1].[DataChangeLastTime],
	[t1].[IsActive],
	[t1].[ParentTid],
	[t1].[Name],
	[t1].[Ico],
	[t1].[Url],
	[t1].[OrderRule],
	[t1].[Level] as [Level1],
	[t1].[Class] as [Class1]
FROM
	[system_menu] [t1]
WHERE
	[t1].[Url] = ~/Admin/Home/Index

Server：192.168.11.41,DB名稱：PJW, 執行時間：3豪秒
#####################################################

            [Tags]
                 {Key:method,Value:OnCustomerTraceConnection}
 
[13:51:54.8750][Infrastructure.Logging.LogHelper][Info] - SQLSELECT TOP (1)
	[t1].[Tid],
	[t1].[DataChangeLastTime],
	[t1].[IsActive],
	[t1].[Eid],
	[t1].[UserName],
	[t1].[Pwd],
	[t1].[Email],
	[t1].[Phone],
	[t1].[LoginIp],
	[t1].[MenuRights],
	[t1].[RoleTid],
	[t1].[LastLoginTime],
	[t1].[UserAgent],
	[t1].[CreateRoleName],
	[t1].[CreateUser] as [CreateUser1],
	[t1].[Indx],
	[t1].[DeptNo]
FROM
	[system_users] [t1]
WHERE
	[t1].[Eid] = hikaruchiu

Server：192.168.11.41,DB名稱：PJW, 執行時間：1豪秒
#####################################################

            [Tags]
                 {Key:method,Value:OnCustomerTraceConnection}
 
[13:51:54.9220][Infrastructure.Logging.LogHelper][Info] - SQLSELECT
	[t1].[Class] as [Class1],
	[t1].[Ico],
	[t1].[IsActive],
	[t1].[Level] as [Level1],
	[t1].[Name],
	[t1].[OrderRule],
	[t1].[ParentTid],
	[t1].[Tid],
	[t1].[Url]
FROM
	[system_menu] [t1]
WHERE
	True = [t1].[IsActive]

Server：192.168.11.41,DB名稱：PJW, 執行時間：1豪秒
#####################################################

            [Tags]
                 {Key:method,Value:OnCustomerTraceConnection}
 
[14:10:50.0333][PJW.Web.Program][Debug] - init main 
[14:10:52.7635][Infrastructure.Logging.LogHelper][Info] - SQLSELECT TOP (1)
	[t1].[Tid],
	[t1].[DataChangeLastTime],
	[t1].[IsActive],
	[t1].[Eid],
	[t1].[UserName],
	[t1].[Pwd],
	[t1].[Email],
	[t1].[Phone],
	[t1].[LoginIp],
	[t1].[MenuRights],
	[t1].[RoleTid],
	[t1].[LastLoginTime],
	[t1].[UserAgent],
	[t1].[CreateRoleName],
	[t1].[CreateUser] as [CreateUser1],
	[t1].[Indx],
	[t1].[DeptNo]
FROM
	[system_users] [t1]
WHERE
	[t1].[Eid] = hikaruchiu

Server：192.168.11.41,DB名稱：PJW, 執行時間：144豪秒
#####################################################

            [Tags]
                 {Key:method,Value:OnCustomerTraceConnection}
 
[14:10:52.8320][Infrastructure.Logging.LogHelper][Info] - SQLSELECT TOP (1)
	[t1].[Tid],
	[t1].[DataChangeLastTime],
	[t1].[IsActive],
	[t1].[ParentTid],
	[t1].[Name],
	[t1].[Ico],
	[t1].[Url],
	[t1].[OrderRule],
	[t1].[Level] as [Level1],
	[t1].[Class] as [Class1]
FROM
	[system_menu] [t1]
WHERE
	[t1].[Url] = ~/Admin/Home/Index

Server：192.168.11.41,DB名稱：PJW, 執行時間：5豪秒
#####################################################

            [Tags]
                 {Key:method,Value:OnCustomerTraceConnection}
 
[14:10:53.0185][Infrastructure.Logging.LogHelper][Info] - SQLSELECT TOP (1)
	[t1].[Tid],
	[t1].[DataChangeLastTime],
	[t1].[IsActive],
	[t1].[Eid],
	[t1].[UserName],
	[t1].[Pwd],
	[t1].[Email],
	[t1].[Phone],
	[t1].[LoginIp],
	[t1].[MenuRights],
	[t1].[RoleTid],
	[t1].[LastLoginTime],
	[t1].[UserAgent],
	[t1].[CreateRoleName],
	[t1].[CreateUser] as [CreateUser1],
	[t1].[Indx],
	[t1].[DeptNo]
FROM
	[system_users] [t1]
WHERE
	[t1].[Eid] = hikaruchiu

Server：192.168.11.41,DB名稱：PJW, 執行時間：1豪秒
#####################################################

            [Tags]
                 {Key:method,Value:OnCustomerTraceConnection}
 
[14:10:53.0696][Infrastructure.Logging.LogHelper][Info] - SQLSELECT
	[t1].[Class] as [Class1],
	[t1].[Ico],
	[t1].[IsActive],
	[t1].[Level] as [Level1],
	[t1].[Name],
	[t1].[OrderRule],
	[t1].[ParentTid],
	[t1].[Tid],
	[t1].[Url]
FROM
	[system_menu] [t1]
WHERE
	True = [t1].[IsActive]

Server：192.168.11.41,DB名稱：PJW, 執行時間：1豪秒
#####################################################

            [Tags]
                 {Key:method,Value:OnCustomerTraceConnection}
 
[14:12:16.3117][PJW.Web.Program][Debug] - init main 
[14:12:19.0296][Infrastructure.Logging.LogHelper][Info] - SQLSELECT TOP (1)
	[t1].[Tid],
	[t1].[DataChangeLastTime],
	[t1].[IsActive],
	[t1].[Eid],
	[t1].[UserName],
	[t1].[Pwd],
	[t1].[Email],
	[t1].[Phone],
	[t1].[LoginIp],
	[t1].[MenuRights],
	[t1].[RoleTid],
	[t1].[LastLoginTime],
	[t1].[UserAgent],
	[t1].[CreateRoleName],
	[t1].[CreateUser] as [CreateUser1],
	[t1].[Indx],
	[t1].[DeptNo]
FROM
	[system_users] [t1]
WHERE
	[t1].[Eid] = hikaruchiu

Server：192.168.11.41,DB名稱：PJW, 執行時間：158豪秒
#####################################################

            [Tags]
                 {Key:method,Value:OnCustomerTraceConnection}
 
[14:12:19.1006][Infrastructure.Logging.LogHelper][Info] - SQLSELECT TOP (1)
	[t1].[Tid],
	[t1].[DataChangeLastTime],
	[t1].[IsActive],
	[t1].[ParentTid],
	[t1].[Name],
	[t1].[Ico],
	[t1].[Url],
	[t1].[OrderRule],
	[t1].[Level] as [Level1],
	[t1].[Class] as [Class1]
FROM
	[system_menu] [t1]
WHERE
	[t1].[Url] = ~/Admin/Home/Index

Server：192.168.11.41,DB名稱：PJW, 執行時間：4豪秒
#####################################################

            [Tags]
                 {Key:method,Value:OnCustomerTraceConnection}
 
[14:12:19.3124][Infrastructure.Logging.LogHelper][Info] - SQLSELECT TOP (1)
	[t1].[Tid],
	[t1].[DataChangeLastTime],
	[t1].[IsActive],
	[t1].[Eid],
	[t1].[UserName],
	[t1].[Pwd],
	[t1].[Email],
	[t1].[Phone],
	[t1].[LoginIp],
	[t1].[MenuRights],
	[t1].[RoleTid],
	[t1].[LastLoginTime],
	[t1].[UserAgent],
	[t1].[CreateRoleName],
	[t1].[CreateUser] as [CreateUser1],
	[t1].[Indx],
	[t1].[DeptNo]
FROM
	[system_users] [t1]
WHERE
	[t1].[Eid] = hikaruchiu

Server：192.168.11.41,DB名稱：PJW, 執行時間：1豪秒
#####################################################

            [Tags]
                 {Key:method,Value:OnCustomerTraceConnection}
 
[14:12:19.3759][Infrastructure.Logging.LogHelper][Info] - SQLSELECT
	[t1].[Class] as [Class1],
	[t1].[Ico],
	[t1].[IsActive],
	[t1].[Level] as [Level1],
	[t1].[Name],
	[t1].[OrderRule],
	[t1].[ParentTid],
	[t1].[Tid],
	[t1].[Url]
FROM
	[system_menu] [t1]
WHERE
	True = [t1].[IsActive]

Server：192.168.11.41,DB名稱：PJW, 執行時間：1豪秒
#####################################################

            [Tags]
                 {Key:method,Value:OnCustomerTraceConnection}
 
[14:17:54.1360][PJW.Web.Program][Debug] - init main 
[14:17:56.8734][Infrastructure.Logging.LogHelper][Info] - SQLSELECT TOP (1)
	[t1].[Tid],
	[t1].[DataChangeLastTime],
	[t1].[IsActive],
	[t1].[Eid],
	[t1].[UserName],
	[t1].[Pwd],
	[t1].[Email],
	[t1].[Phone],
	[t1].[LoginIp],
	[t1].[MenuRights],
	[t1].[RoleTid],
	[t1].[LastLoginTime],
	[t1].[UserAgent],
	[t1].[CreateRoleName],
	[t1].[CreateUser] as [CreateUser1],
	[t1].[Indx],
	[t1].[DeptNo]
FROM
	[system_users] [t1]
WHERE
	[t1].[Eid] = hikaruchiu

Server：192.168.11.41,DB名稱：PJW, 執行時間：160豪秒
#####################################################

            [Tags]
                 {Key:method,Value:OnCustomerTraceConnection}
 
[14:17:56.9361][Infrastructure.Logging.LogHelper][Info] - SQLSELECT TOP (1)
	[t1].[Tid],
	[t1].[DataChangeLastTime],
	[t1].[IsActive],
	[t1].[ParentTid],
	[t1].[Name],
	[t1].[Ico],
	[t1].[Url],
	[t1].[OrderRule],
	[t1].[Level] as [Level1],
	[t1].[Class] as [Class1]
FROM
	[system_menu] [t1]
WHERE
	[t1].[Url] = ~/Admin/Home/Index

Server：192.168.11.41,DB名稱：PJW, 執行時間：3豪秒
#####################################################

            [Tags]
                 {Key:method,Value:OnCustomerTraceConnection}
 
[14:17:57.1637][Infrastructure.Logging.LogHelper][Info] - SQLSELECT TOP (1)
	[t1].[Tid],
	[t1].[DataChangeLastTime],
	[t1].[IsActive],
	[t1].[Eid],
	[t1].[UserName],
	[t1].[Pwd],
	[t1].[Email],
	[t1].[Phone],
	[t1].[LoginIp],
	[t1].[MenuRights],
	[t1].[RoleTid],
	[t1].[LastLoginTime],
	[t1].[UserAgent],
	[t1].[CreateRoleName],
	[t1].[CreateUser] as [CreateUser1],
	[t1].[Indx],
	[t1].[DeptNo]
FROM
	[system_users] [t1]
WHERE
	[t1].[Eid] = hikaruchiu

Server：192.168.11.41,DB名稱：PJW, 執行時間：1豪秒
#####################################################

            [Tags]
                 {Key:method,Value:OnCustomerTraceConnection}
 
[14:17:57.2311][Infrastructure.Logging.LogHelper][Info] - SQLSELECT
	[t1].[Class] as [Class1],
	[t1].[Ico],
	[t1].[IsActive],
	[t1].[Level] as [Level1],
	[t1].[Name],
	[t1].[OrderRule],
	[t1].[ParentTid],
	[t1].[Tid],
	[t1].[Url]
FROM
	[system_menu] [t1]
WHERE
	True = [t1].[IsActive]

Server：192.168.11.41,DB名稱：PJW, 執行時間：1豪秒
#####################################################

            [Tags]
                 {Key:method,Value:OnCustomerTraceConnection}
 
[14:20:32.1956][PJW.Web.Program][Debug] - init main 
[14:20:34.9208][Infrastructure.Logging.LogHelper][Info] - SQLSELECT TOP (1)
	[t1].[Tid],
	[t1].[DataChangeLastTime],
	[t1].[IsActive],
	[t1].[Eid],
	[t1].[UserName],
	[t1].[Pwd],
	[t1].[Email],
	[t1].[Phone],
	[t1].[LoginIp],
	[t1].[MenuRights],
	[t1].[RoleTid],
	[t1].[LastLoginTime],
	[t1].[UserAgent],
	[t1].[CreateRoleName],
	[t1].[CreateUser] as [CreateUser1],
	[t1].[Indx],
	[t1].[DeptNo]
FROM
	[system_users] [t1]
WHERE
	[t1].[Eid] = hikaruchiu

Server：192.168.11.41,DB名稱：PJW, 執行時間：140豪秒
#####################################################

            [Tags]
                 {Key:method,Value:OnCustomerTraceConnection}
 
[14:20:34.9906][Infrastructure.Logging.LogHelper][Info] - SQLSELECT TOP (1)
	[t1].[Tid],
	[t1].[DataChangeLastTime],
	[t1].[IsActive],
	[t1].[ParentTid],
	[t1].[Name],
	[t1].[Ico],
	[t1].[Url],
	[t1].[OrderRule],
	[t1].[Level] as [Level1],
	[t1].[Class] as [Class1]
FROM
	[system_menu] [t1]
WHERE
	[t1].[Url] = ~/Admin/Home/Index

Server：192.168.11.41,DB名稱：PJW, 執行時間：3豪秒
#####################################################

            [Tags]
                 {Key:method,Value:OnCustomerTraceConnection}
 
[14:20:35.1594][Infrastructure.Logging.LogHelper][Info] - SQLSELECT TOP (1)
	[t1].[Tid],
	[t1].[DataChangeLastTime],
	[t1].[IsActive],
	[t1].[Eid],
	[t1].[UserName],
	[t1].[Pwd],
	[t1].[Email],
	[t1].[Phone],
	[t1].[LoginIp],
	[t1].[MenuRights],
	[t1].[RoleTid],
	[t1].[LastLoginTime],
	[t1].[UserAgent],
	[t1].[CreateRoleName],
	[t1].[CreateUser] as [CreateUser1],
	[t1].[Indx],
	[t1].[DeptNo]
FROM
	[system_users] [t1]
WHERE
	[t1].[Eid] = hikaruchiu

Server：192.168.11.41,DB名稱：PJW, 執行時間：1豪秒
#####################################################

            [Tags]
                 {Key:method,Value:OnCustomerTraceConnection}
 
[14:20:35.2094][Infrastructure.Logging.LogHelper][Info] - SQLSELECT
	[t1].[Class] as [Class1],
	[t1].[Ico],
	[t1].[IsActive],
	[t1].[Level] as [Level1],
	[t1].[Name],
	[t1].[OrderRule],
	[t1].[ParentTid],
	[t1].[Tid],
	[t1].[Url]
FROM
	[system_menu] [t1]
WHERE
	True = [t1].[IsActive]

Server：192.168.11.41,DB名稱：PJW, 執行時間：1豪秒
#####################################################

            [Tags]
                 {Key:method,Value:OnCustomerTraceConnection}
 
[14:21:17.0419][PJW.Web.Program][Debug] - init main 
[14:21:19.7512][Infrastructure.Logging.LogHelper][Info] - SQLSELECT TOP (1)
	[t1].[Tid],
	[t1].[DataChangeLastTime],
	[t1].[IsActive],
	[t1].[Eid],
	[t1].[UserName],
	[t1].[Pwd],
	[t1].[Email],
	[t1].[Phone],
	[t1].[LoginIp],
	[t1].[MenuRights],
	[t1].[RoleTid],
	[t1].[LastLoginTime],
	[t1].[UserAgent],
	[t1].[CreateRoleName],
	[t1].[CreateUser] as [CreateUser1],
	[t1].[Indx],
	[t1].[DeptNo]
FROM
	[system_users] [t1]
WHERE
	[t1].[Eid] = hikaruchiu

Server：192.168.11.41,DB名稱：PJW, 執行時間：146豪秒
#####################################################

            [Tags]
                 {Key:method,Value:OnCustomerTraceConnection}
 
[14:21:19.8104][Infrastructure.Logging.LogHelper][Info] - SQLSELECT TOP (1)
	[t1].[Tid],
	[t1].[DataChangeLastTime],
	[t1].[IsActive],
	[t1].[ParentTid],
	[t1].[Name],
	[t1].[Ico],
	[t1].[Url],
	[t1].[OrderRule],
	[t1].[Level] as [Level1],
	[t1].[Class] as [Class1]
FROM
	[system_menu] [t1]
WHERE
	[t1].[Url] = ~/Admin/Home/Index

Server：192.168.11.41,DB名稱：PJW, 執行時間：3豪秒
#####################################################

            [Tags]
                 {Key:method,Value:OnCustomerTraceConnection}
 
[14:21:19.9778][Infrastructure.Logging.LogHelper][Info] - SQLSELECT TOP (1)
	[t1].[Tid],
	[t1].[DataChangeLastTime],
	[t1].[IsActive],
	[t1].[Eid],
	[t1].[UserName],
	[t1].[Pwd],
	[t1].[Email],
	[t1].[Phone],
	[t1].[LoginIp],
	[t1].[MenuRights],
	[t1].[RoleTid],
	[t1].[LastLoginTime],
	[t1].[UserAgent],
	[t1].[CreateRoleName],
	[t1].[CreateUser] as [CreateUser1],
	[t1].[Indx],
	[t1].[DeptNo]
FROM
	[system_users] [t1]
WHERE
	[t1].[Eid] = hikaruchiu

Server：192.168.11.41,DB名稱：PJW, 執行時間：1豪秒
#####################################################

            [Tags]
                 {Key:method,Value:OnCustomerTraceConnection}
 
[14:21:20.0320][Infrastructure.Logging.LogHelper][Info] - SQLSELECT
	[t1].[Class] as [Class1],
	[t1].[Ico],
	[t1].[IsActive],
	[t1].[Level] as [Level1],
	[t1].[Name],
	[t1].[OrderRule],
	[t1].[ParentTid],
	[t1].[Tid],
	[t1].[Url]
FROM
	[system_menu] [t1]
WHERE
	True = [t1].[IsActive]

Server：192.168.11.41,DB名稱：PJW, 執行時間：1豪秒
#####################################################

            [Tags]
                 {Key:method,Value:OnCustomerTraceConnection}
 
[14:55:58.7201][PJW.Web.Program][Debug] - init main 
[14:56:02.1420][Infrastructure.Logging.LogHelper][Info] - SQLSELECT TOP (1)
	[t1].[Tid],
	[t1].[DataChangeLastTime],
	[t1].[IsActive],
	[t1].[Eid],
	[t1].[UserName],
	[t1].[Pwd],
	[t1].[Email],
	[t1].[Phone],
	[t1].[LoginIp],
	[t1].[MenuRights],
	[t1].[RoleTid],
	[t1].[LastLoginTime],
	[t1].[UserAgent],
	[t1].[CreateRoleName],
	[t1].[CreateUser] as [CreateUser1],
	[t1].[Indx],
	[t1].[DeptNo]
FROM
	[system_users] [t1]
WHERE
	[t1].[Eid] = hikaruchiu

Server：192.168.11.41,DB名稱：PJW, 執行時間：182豪秒
#####################################################

            [Tags]
                 {Key:method,Value:OnCustomerTraceConnection}
 
[14:56:02.2148][Infrastructure.Logging.LogHelper][Info] - SQLSELECT TOP (1)
	[t1].[Tid],
	[t1].[DataChangeLastTime],
	[t1].[IsActive],
	[t1].[ParentTid],
	[t1].[Name],
	[t1].[Ico],
	[t1].[Url],
	[t1].[OrderRule],
	[t1].[Level] as [Level1],
	[t1].[Class] as [Class1]
FROM
	[system_menu] [t1]
WHERE
	[t1].[Url] = ~/Admin/Home/Index

Server：192.168.11.41,DB名稱：PJW, 執行時間：3豪秒
#####################################################

            [Tags]
                 {Key:method,Value:OnCustomerTraceConnection}
 
[14:56:02.4412][Infrastructure.Logging.LogHelper][Info] - SQLSELECT TOP (1)
	[t1].[Tid],
	[t1].[DataChangeLastTime],
	[t1].[IsActive],
	[t1].[Eid],
	[t1].[UserName],
	[t1].[Pwd],
	[t1].[Email],
	[t1].[Phone],
	[t1].[LoginIp],
	[t1].[MenuRights],
	[t1].[RoleTid],
	[t1].[LastLoginTime],
	[t1].[UserAgent],
	[t1].[CreateRoleName],
	[t1].[CreateUser] as [CreateUser1],
	[t1].[Indx],
	[t1].[DeptNo]
FROM
	[system_users] [t1]
WHERE
	[t1].[Eid] = hikaruchiu

Server：192.168.11.41,DB名稱：PJW, 執行時間：1豪秒
#####################################################

            [Tags]
                 {Key:method,Value:OnCustomerTraceConnection}
 
[14:56:02.4969][Infrastructure.Logging.LogHelper][Info] - SQLSELECT
	[t1].[Class] as [Class1],
	[t1].[Ico],
	[t1].[IsActive],
	[t1].[Level] as [Level1],
	[t1].[Name],
	[t1].[OrderRule],
	[t1].[ParentTid],
	[t1].[Tid],
	[t1].[Url]
FROM
	[system_menu] [t1]
WHERE
	True = [t1].[IsActive]

Server：192.168.11.41,DB名稱：PJW, 執行時間：1豪秒
#####################################################

            [Tags]
                 {Key:method,Value:OnCustomerTraceConnection}
 
[15:13:33.9246][PJW.Web.Program][Debug] - init main 
[15:13:36.7916][Infrastructure.Logging.LogHelper][Info] - SQLSELECT TOP (1)
	[t1].[Tid],
	[t1].[DataChangeLastTime],
	[t1].[IsActive],
	[t1].[Eid],
	[t1].[UserName],
	[t1].[Pwd],
	[t1].[Email],
	[t1].[Phone],
	[t1].[LoginIp],
	[t1].[MenuRights],
	[t1].[RoleTid],
	[t1].[LastLoginTime],
	[t1].[UserAgent],
	[t1].[CreateRoleName],
	[t1].[CreateUser] as [CreateUser1],
	[t1].[Indx],
	[t1].[DeptNo]
FROM
	[system_users] [t1]
WHERE
	[t1].[Eid] = hikaruchiu

Server：192.168.11.41,DB名稱：PJW, 執行時間：173豪秒
#####################################################

            [Tags]
                 {Key:method,Value:OnCustomerTraceConnection}
 
[15:13:36.8614][Infrastructure.Logging.LogHelper][Info] - SQLSELECT TOP (1)
	[t1].[Tid],
	[t1].[DataChangeLastTime],
	[t1].[IsActive],
	[t1].[ParentTid],
	[t1].[Name],
	[t1].[Ico],
	[t1].[Url],
	[t1].[OrderRule],
	[t1].[Level] as [Level1],
	[t1].[Class] as [Class1]
FROM
	[system_menu] [t1]
WHERE
	[t1].[Url] = ~/Admin/Home/Index

Server：192.168.11.41,DB名稱：PJW, 執行時間：3豪秒
#####################################################

            [Tags]
                 {Key:method,Value:OnCustomerTraceConnection}
 
[15:13:37.1049][Infrastructure.Logging.LogHelper][Info] - SQLSELECT TOP (1)
	[t1].[Tid],
	[t1].[DataChangeLastTime],
	[t1].[IsActive],
	[t1].[Eid],
	[t1].[UserName],
	[t1].[Pwd],
	[t1].[Email],
	[t1].[Phone],
	[t1].[LoginIp],
	[t1].[MenuRights],
	[t1].[RoleTid],
	[t1].[LastLoginTime],
	[t1].[UserAgent],
	[t1].[CreateRoleName],
	[t1].[CreateUser] as [CreateUser1],
	[t1].[Indx],
	[t1].[DeptNo]
FROM
	[system_users] [t1]
WHERE
	[t1].[Eid] = hikaruchiu

Server：192.168.11.41,DB名稱：PJW, 執行時間：1豪秒
#####################################################

            [Tags]
                 {Key:method,Value:OnCustomerTraceConnection}
 
[15:13:37.1549][Infrastructure.Logging.LogHelper][Info] - SQLSELECT
	[t1].[Class] as [Class1],
	[t1].[Ico],
	[t1].[IsActive],
	[t1].[Level] as [Level1],
	[t1].[Name],
	[t1].[OrderRule],
	[t1].[ParentTid],
	[t1].[Tid],
	[t1].[Url]
FROM
	[system_menu] [t1]
WHERE
	True = [t1].[IsActive]

Server：192.168.11.41,DB名稱：PJW, 執行時間：2豪秒
#####################################################

            [Tags]
                 {Key:method,Value:OnCustomerTraceConnection}
 
